This is pdfTeX, Version 3.141592653-2.6-1.40.24 (TeX Live 2022/Arch Linux) (preloaded format=pdflatex 2022.7.22)  30 SEP 2022 12:43
entering extended mode
 restricted \write18 enabled.
 file:line:error style messages enabled.
 %&-line parsing enabled.
**/home/gary/Documents/_University/_2022/Second-Semester/E-Design/Repo/Report/23905093_e344_report.tex
(/home/gary/Documents/_University/_2022/Second-Semester/E-Design/Repo/Report/23905093_e344_report.tex
LaTeX2e <2021-11-15> patch level 1
L3 programming layer <2022-04-10> (/usr/share/texmf-dist/tex/latex/base/report.cls
Document Class: report 2021/10/04 v1.4n Standard LaTeX document class
(/usr/share/texmf-dist/tex/latex/base/size12.clo
File: size12.clo 2021/10/04 v1.4n Standard LaTeX file (size option)
)
\c@part=\count185
\c@chapter=\count186
\c@section=\count187
\c@subsection=\count188
\c@subsubsection=\count189
\c@paragraph=\count190
\c@subparagraph=\count191
\c@figure=\count192
\c@table=\count193
\abovecaptionskip=\skip47
\belowcaptionskip=\skip48
\bibindent=\dimen138
) (/usr/share/texmf-dist/tex/latex/geometry/geometry.sty
Package: geometry 2020/01/02 v5.9 Page Geometry
 (/usr/share/texmf-dist/tex/latex/graphics/keyval.sty
Package: keyval 2014/10/28 v1.15 key=value parser (DPC)
\KV@toks@=\toks16
) (/usr/share/texmf-dist/tex/generic/iftex/ifvtex.sty
Package: ifvtex 2019/10/25 v1.7 ifvtex legacy package. Use iftex instead.
 (/usr/share/texmf-dist/tex/generic/iftex/iftex.sty
Package: iftex 2022/02/03 v1.0f TeX engine tests
))
\Gm@cnth=\count194
\Gm@cntv=\count195
\c@Gm@tempcnt=\count196
\Gm@bindingoffset=\dimen139
\Gm@wd@mp=\dimen140
\Gm@odd@mp=\dimen141
\Gm@even@mp=\dimen142
\Gm@layoutwidth=\dimen143
\Gm@layoutheight=\dimen144
\Gm@layouthoffset=\dimen145
\Gm@layoutvoffset=\dimen146
\Gm@dimlist=\toks17
) (/usr/share/texmf-dist/tex/latex/caption/caption.sty
Package: caption 2022/03/01 v3.6b Customizing captions (AR)
 (/usr/share/texmf-dist/tex/latex/caption/caption3.sty
Package: caption3 2022/03/17 v2.3b caption3 kernel (AR)
\caption@tempdima=\dimen147
\captionmargin=\dimen148
\caption@leftmargin=\dimen149
\caption@rightmargin=\dimen150
\caption@width=\dimen151
\caption@indent=\dimen152
\caption@parindent=\dimen153
\caption@hangindent=\dimen154
Package caption Info: Standard document class detected.
)
\c@caption@flags=\count197
\c@continuedfloat=\count198
) (/usr/share/texmf-dist/tex/latex/graphics/graphicx.sty
Package: graphicx 2021/09/16 v1.2d Enhanced LaTeX Graphics (DPC,SPQR)
 (/usr/share/texmf-dist/tex/latex/graphics/graphics.sty
Package: graphics 2021/03/04 v1.4d Standard LaTeX Graphics (DPC,SPQR)
 (/usr/share/texmf-dist/tex/latex/graphics/trig.sty
Package: trig 2021/08/11 v1.11 sin cos tan (DPC)
) (/usr/share/texmf-dist/tex/latex/graphics-cfg/graphics.cfg
File: graphics.cfg 2016/06/04 v1.11 sample graphics configuration
)
Package graphics Info: Driver file: pdftex.def on input line 107.
 (/usr/share/texmf-dist/tex/latex/graphics-def/pdftex.def
File: pdftex.def 2020/10/05 v1.2a Graphics/color driver for pdftex
))
\Gin@req@height=\dimen155
\Gin@req@width=\dimen156
) (/usr/share/texmf-dist/tex/latex/pdfpages/pdfpages.sty
Package: pdfpages 2022/01/29 v0.5u Insert pages of external PDF documents (AM)
 (/usr/share/texmf-dist/tex/latex/base/ifthen.sty
Package: ifthen 2020/11/24 v1.1c Standard LaTeX ifthen package (DPC)
) (/usr/share/texmf-dist/tex/latex/tools/calc.sty
Package: calc 2017/05/25 v4.3 Infix arithmetic (KKT,FJ)
\calc@Acount=\count199
\calc@Bcount=\count266
\calc@Adimen=\dimen157
\calc@Bdimen=\dimen158
\calc@Askip=\skip49
\calc@Bskip=\skip50
LaTeX Info: Redefining \setlength on input line 80.
LaTeX Info: Redefining \addtolength on input line 81.
\calc@Ccount=\count267
\calc@Cskip=\skip51
) (/usr/share/texmf-dist/tex/latex/eso-pic/eso-pic.sty
Package: eso-pic 2020/10/14 v3.0a eso-pic (RN)
\ESO@tempdima=\dimen159
\ESO@tempdimb=\dimen160
 (/usr/share/texmf-dist/tex/latex/xcolor/xcolor.sty
Package: xcolor 2021/10/31 v2.13 LaTeX color extensions (UK)
 (/usr/share/texmf-dist/tex/latex/graphics-cfg/color.cfg
File: color.cfg 2016/01/02 v1.6 sample color configuration
)
Package xcolor Info: Driver file: pdftex.def on input line 227.
Package xcolor Info: Model `cmy' substituted by `cmy0' on input line 1352.
Package xcolor Info: Model `hsb' substituted by `rgb' on input line 1356.
Package xcolor Info: Model `RGB' extended on input line 1368.
Package xcolor Info: Model `HTML' substituted by `rgb' on input line 1370.
Package xcolor Info: Model `Hsb' substituted by `hsb' on input line 1371.
Package xcolor Info: Model `tHsb' substituted by `hsb' on input line 1372.
Package xcolor Info: Model `HSB' substituted by `hsb' on input line 1373.
Package xcolor Info: Model `Gray' substituted by `gray' on input line 1374.
Package xcolor Info: Model `wave' substituted by `hsb' on input line 1375.
))
\AM@pagewidth=\dimen161
\AM@pageheight=\dimen162
\AM@fboxrule=\dimen163
 (/usr/share/texmf-dist/tex/latex/pdfpages/pppdftex.def
File: pppdftex.def 2022/01/29 v0.5u Pdfpages driver for pdfTeX (AM)
)
\pdfpages@includegraphics@status=\count268
\AM@pagebox=\box50
\AM@global@opts=\toks18
\AM@pagecnt=\count269
\AM@toc@title=\toks19
\c@AM@survey=\count270
\AM@templatesizebox=\box51
) (/usr/share/texmf-dist/tex/latex/caption/subcaption.sty
Package: subcaption 2022/01/07 v1.5 Sub-captions (AR)
\c@subfigure=\count271
\c@subtable=\count272
) (/usr/share/texmf-dist/tex/latex/enumitem/enumitem.sty
Package: enumitem 2019/06/20 v3.9 Customized lists
\labelindent=\skip52
\enit@outerparindent=\dimen164
\enit@toks=\toks20
\enit@inbox=\box52
\enit@count@id=\count273
\enitdp@description=\count274
) (/usr/share/texmf-dist/tex/generic/babel/babel.sty
Package: babel 2022/02/26 3.73 The Babel package
\babel@savecnt=\count275
\U@D=\dimen165
\l@unhyphenated=\language87
 (/usr/share/texmf-dist/tex/generic/babel/txtbabel.def)
\bbl@readstream=\read2
\bbl@dirlevel=\count276
 (/usr/share/texmf-dist/tex/generic/babel-dutch/afrikaans.ldf
Language: dutch 2021/08/29 v3.8l Dutch support from the babel system
Package babel Info: Making " an active character on input line 127.
) (/usr/share/texmf-dist/tex/generic/babel-english/english.ldf
Language: english 2017/06/06 v3.3r English support from the babel system
Package babel Info: Hyphen rules for 'canadian' set to \l@english
(babel)             (\language0). Reported on input line 102.
Package babel Info: Hyphen rules for 'australian' set to \l@ukenglish
(babel)             (\language21). Reported on input line 105.
Package babel Info: Hyphen rules for 'newzealand' set to \l@ukenglish
(babel)             (\language21). Reported on input line 108.
)) (/usr/share/texmf-dist/tex/latex/microtype/microtype.sty
Package: microtype 2022/03/14 v3.0d Micro-typographical refinements (RS)
 (/usr/share/texmf-dist/tex/latex/etoolbox/etoolbox.sty
Package: etoolbox 2020/10/05 v2.5k e-TeX tools for LaTeX (JAW)
\etb@tempcnta=\count277
)
\MT@toks=\toks21
\MT@tempbox=\box53
\MT@count=\count278
LaTeX Info: Redefining \noprotrusionifhmode on input line 1027.
LaTeX Info: Redefining \leftprotrusion on input line 1028.
LaTeX Info: Redefining \rightprotrusion on input line 1036.
LaTeX Info: Redefining \textls on input line 1195.
\MT@outer@kern=\dimen166
LaTeX Info: Redefining \textmicrotypecontext on input line 1781.
\MT@listname@count=\count279
 (/usr/share/texmf-dist/tex/latex/microtype/microtype-pdftex.def
File: microtype-pdftex.def 2022/03/14 v3.0d Definitions specific to pdftex (RS)
LaTeX Info: Redefining \lsstyle on input line 900.
LaTeX Info: Redefining \lslig on input line 900.
\MT@outer@space=\skip53
)
Package microtype Info: Loading configuration file microtype.cfg.
 (/usr/share/texmf-dist/tex/latex/microtype/microtype.cfg
File: microtype.cfg 2022/03/14 v3.0d microtype main configuration file (RS)
)) (/usr/share/texmf-dist/tex/latex/setspace/setspace.sty
Package: setspace 2011/12/19 v6.7a set line spacing
) (/usr/share/texmf-dist/tex/latex/lm/lmodern.sty
Package: lmodern 2015/05/01 v1.6.1 Latin Modern Fonts
LaTeX Font Info:    Overwriting symbol font `operators' in version `normal'
(Font)                  OT1/cmr/m/n --> OT1/lmr/m/n on input line 22.
LaTeX Font Info:    Overwriting symbol font `letters' in version `normal'
(Font)                  OML/cmm/m/it --> OML/lmm/m/it on input line 23.
LaTeX Font Info:    Overwriting symbol font `symbols' in version `normal'
(Font)                  OMS/cmsy/m/n --> OMS/lmsy/m/n on input line 24.
LaTeX Font Info:    Overwriting symbol font `largesymbols' in version `normal'
(Font)                  OMX/cmex/m/n --> OMX/lmex/m/n on input line 25.
LaTeX Font Info:    Overwriting symbol font `operators' in version `bold'
(Font)                  OT1/cmr/bx/n --> OT1/lmr/bx/n on input line 26.
LaTeX Font Info:    Overwriting symbol font `letters' in version `bold'
(Font)                  OML/cmm/b/it --> OML/lmm/b/it on input line 27.
LaTeX Font Info:    Overwriting symbol font `symbols' in version `bold'
(Font)                  OMS/cmsy/b/n --> OMS/lmsy/b/n on input line 28.
LaTeX Font Info:    Overwriting symbol font `largesymbols' in version `bold'
(Font)                  OMX/cmex/m/n --> OMX/lmex/m/n on input line 29.
LaTeX Font Info:    Overwriting math alphabet `\mathbf' in version `normal'
(Font)                  OT1/cmr/bx/n --> OT1/lmr/bx/n on input line 31.
LaTeX Font Info:    Overwriting math alphabet `\mathsf' in version `normal'
(Font)                  OT1/cmss/m/n --> OT1/lmss/m/n on input line 32.
LaTeX Font Info:    Overwriting math alphabet `\mathit' in version `normal'
(Font)                  OT1/cmr/m/it --> OT1/lmr/m/it on input line 33.
LaTeX Font Info:    Overwriting math alphabet `\mathtt' in version `normal'
(Font)                  OT1/cmtt/m/n --> OT1/lmtt/m/n on input line 34.
LaTeX Font Info:    Overwriting math alphabet `\mathbf' in version `bold'
(Font)                  OT1/cmr/bx/n --> OT1/lmr/bx/n on input line 35.
LaTeX Font Info:    Overwriting math alphabet `\mathsf' in version `bold'
(Font)                  OT1/cmss/bx/n --> OT1/lmss/bx/n on input line 36.
LaTeX Font Info:    Overwriting math alphabet `\mathit' in version `bold'
(Font)                  OT1/cmr/bx/it --> OT1/lmr/bx/it on input line 37.
LaTeX Font Info:    Overwriting math alphabet `\mathtt' in version `bold'
(Font)                  OT1/cmtt/m/n --> OT1/lmtt/m/n on input line 38.
) (/usr/share/texmf-dist/tex/latex/siunitx/siunitx.sty
Package: siunitx 2022-04-04 v3.0.50 A comprehensive (SI) units package
\l__siunitx_angle_tmp_dim=\dimen167
\l__siunitx_angle_marker_box=\box54
\l__siunitx_angle_unit_box=\box55
\l__siunitx_compound_count_int=\count280
 (/usr/share/texmf-dist/tex/latex/translations/translations.sty
Package: translations 2022/02/05 v1.12 internationalization of LaTeX2e packages (CN)
 (/usr/share/texmf-dist/tex/generic/pdftexcmds/pdftexcmds.sty
Package: pdftexcmds 2020-06-27 v0.33 Utility functions of pdfTeX for LuaTeX (HO)
 (/usr/share/texmf-dist/tex/generic/infwarerr/infwarerr.sty
Package: infwarerr 2019/12/03 v1.5 Providing info/warning/error messages (HO)
) (/usr/share/texmf-dist/tex/generic/ltxcmds/ltxcmds.sty
Package: ltxcmds 2020-05-10 v1.25 LaTeX kernel commands for general use (HO)
)
Package pdftexcmds Info: \pdf@primitive is available.
Package pdftexcmds Info: \pdf@ifprimitive is available.
Package pdftexcmds Info: \pdfdraftmode found.
))
\l__siunitx_number_exponent_fixed_int=\count281
\l__siunitx_number_min_decimal_int=\count282
\l__siunitx_number_min_integer_int=\count283
\l__siunitx_number_round_precision_int=\count284
\l__siunitx_number_group_minimum_int=\count285
 (/usr/share/texmf-dist/tex/latex/amsmath/amstext.sty
Package: amstext 2021/08/26 v2.01 AMS text
 (/usr/share/texmf-dist/tex/latex/amsmath/amsgen.sty
File: amsgen.sty 1999/11/30 v2.0 generic functions
\@emptytoks=\toks22
\ex@=\dimen168
))
\l__siunitx_table_tmp_box=\box56
\l__siunitx_table_tmp_dim=\dimen169
\l__siunitx_table_column_width_dim=\dimen170
\l__siunitx_table_integer_box=\box57
\l__siunitx_table_decimal_box=\box58
\l__siunitx_table_before_box=\box59
\l__siunitx_table_after_box=\box60
\l__siunitx_table_before_dim=\dimen171
\l__siunitx_table_carry_dim=\dimen172
\l__siunitx_unit_tmp_int=\count286
\l__siunitx_unit_position_int=\count287
\l__siunitx_unit_total_int=\count288
 (/usr/share/texmf-dist/tex/latex/l3packages/l3keys2e/l3keys2e.sty (/usr/share/texmf-dist/tex/latex/l3kernel/expl3.sty
Package: expl3 2022-04-10 L3 programming layer (loader) 
 (/usr/share/texmf-dist/tex/latex/l3backend/l3backend-pdftex.def
File: l3backend-pdftex.def 2022-04-14 L3 backend support: PDF output (pdfTeX)
\l__color_backend_stack_int=\count289
\l__pdf_internal_box=\box61
))
Package: l3keys2e 2022-01-12 LaTeX2e option processing using LaTeX3 keys
) (/usr/share/texmf-dist/tex/latex/tools/array.sty
Package: array 2021/10/04 v2.5f Tabular extension package (FMi)
\col@sep=\dimen173
\ar@mcellbox=\box62
\extrarowheight=\dimen174
\NC@list=\toks23
\extratabsurround=\skip54
\backup@length=\skip55
\ar@cellbox=\box63
)) (/usr/share/texmf-dist/tex/latex/lipsum/lipsum.sty
Package: lipsum 2021-09-20 v2.7 150 paragraphs of Lorem Ipsum dummy text
\g__lipsum_par_int=\count290
\l__lipsum_a_int=\count291
\l__lipsum_b_int=\count292
 (/usr/share/texmf-dist/tex/latex/lipsum/lipsum.ltd.tex)) (/usr/share/texmf-dist/tex/generic/nth/nth.sty
Package: nth 2002/02/27
) (/usr/share/texmf-dist/tex/latex/titlesec/titlesec.sty
Package: titlesec 2021/07/05 v2.14 Sectioning titles
\ttl@box=\box64
\beforetitleunit=\skip56
\aftertitleunit=\skip57
\ttl@plus=\dimen175
\ttl@minus=\dimen176
\ttl@toksa=\toks24
\titlewidth=\dimen177
\titlewidthlast=\dimen178
\titlewidthfirst=\dimen179
) (/usr/share/texmf-dist/tex/latex/amsmath/amsmath.sty
Package: amsmath 2021/10/15 v2.17l AMS math features
\@mathmargin=\skip58

For additional information on amsmath, use the `?' option.
(/usr/share/texmf-dist/tex/latex/amsmath/amsbsy.sty
Package: amsbsy 1999/11/29 v1.2d Bold Symbols
\pmbraise@=\dimen180
) (/usr/share/texmf-dist/tex/latex/amsmath/amsopn.sty
Package: amsopn 2021/08/26 v2.02 operator names
)
\inf@bad=\count293
LaTeX Info: Redefining \frac on input line 234.
\uproot@=\count294
\leftroot@=\count295
LaTeX Info: Redefining \overline on input line 399.
\classnum@=\count296
\DOTSCASE@=\count297
LaTeX Info: Redefining \ldots on input line 496.
LaTeX Info: Redefining \dots on input line 499.
LaTeX Info: Redefining \cdots on input line 620.
\Mathstrutbox@=\box65
\strutbox@=\box66
\big@size=\dimen181
LaTeX Font Info:    Redeclaring font encoding OML on input line 743.
LaTeX Font Info:    Redeclaring font encoding OMS on input line 744.
\macc@depth=\count298
\c@MaxMatrixCols=\count299
\dotsspace@=\muskip16
\c@parentequation=\count300
\dspbrk@lvl=\count301
\tag@help=\toks25
\row@=\count302
\column@=\count303
\maxfields@=\count304
\andhelp@=\toks26
\eqnshift@=\dimen182
\alignsep@=\dimen183
\tagshift@=\dimen184
\tagwidth@=\dimen185
\totwidth@=\dimen186
\lineht@=\dimen187
\@envbody=\toks27
\multlinegap=\skip59
\multlinetaggap=\skip60
\mathdisplay@stack=\toks28
LaTeX Info: Redefining \[ on input line 2938.
LaTeX Info: Redefining \] on input line 2939.
) (/usr/share/texmf-dist/tex/latex/amsfonts/amssymb.sty
Package: amssymb 2013/01/14 v3.01 AMS font symbols
 (/usr/share/texmf-dist/tex/latex/amsfonts/amsfonts.sty
Package: amsfonts 2013/01/14 v3.01 Basic AMSFonts support
\symAMSa=\mathgroup4
\symAMSb=\mathgroup5
LaTeX Font Info:    Redeclaring math symbol \hbar on input line 98.
LaTeX Font Info:    Overwriting math alphabet `\mathfrak' in version `bold'
(Font)                  U/euf/m/n --> U/euf/b/n on input line 106.
)) (/usr/share/texmf-dist/tex/latex/cancel/cancel.sty
Package: cancel 2013/04/12 v2.2 Cancel math terms
) (/usr/share/texmf-dist/tex/latex/booktabs/booktabs.sty
Package: booktabs 2020/01/12 v1.61803398 Publication quality tables
\heavyrulewidth=\dimen188
\lightrulewidth=\dimen189
\cmidrulewidth=\dimen190
\belowrulesep=\dimen191
\belowbottomsep=\dimen192
\aboverulesep=\dimen193
\abovetopsep=\dimen194
\cmidrulesep=\dimen195
\cmidrulekern=\dimen196
\defaultaddspace=\dimen197
\@cmidla=\count305
\@cmidlb=\count306
\@aboverulesep=\dimen198
\@belowrulesep=\dimen199
\@thisruleclass=\count307
\@lastruleclass=\count308
\@thisrulewidth=\dimen256
) (/usr/share/texmf-dist/tex/latex/tools/tabularx.sty
Package: tabularx 2020/01/15 v2.11c `tabularx' package (DPC)
\TX@col@width=\dimen257
\TX@old@table=\dimen258
\TX@old@col=\dimen259
\TX@target=\dimen260
\TX@delta=\dimen261
\TX@cols=\count309
\TX@ftn=\toks29
) (/usr/share/texmf-dist/tex/latex/multirow/multirow.sty
Package: multirow 2021/03/15 v2.8 Span multiple rows of a table
\multirow@colwidth=\skip61
\multirow@cntb=\count310
\multirow@dima=\skip62
\bigstrutjot=\dimen262
) (/usr/share/texmf-dist/tex/latex/fancyhdr/fancyhdr.sty
Package: fancyhdr 2021/01/28 v4.0.1 Extensive control of page headers and footers
\f@nch@headwidth=\skip63
\f@nch@O@elh=\skip64
\f@nch@O@erh=\skip65
\f@nch@O@olh=\skip66
\f@nch@O@orh=\skip67
\f@nch@O@elf=\skip68
\f@nch@O@erf=\skip69
\f@nch@O@olf=\skip70
\f@nch@O@orf=\skip71
) (/usr/share/texmf-dist/tex/latex/algorithms/algorithm.sty
Package: algorithm 2009/08/24 v0.1 Document Style `algorithm' - floating environment
 (/usr/share/texmf-dist/tex/latex/float/float.sty
Package: float 2001/11/08 v1.3d Float enhancements (AL)
\c@float@type=\count311
\float@exts=\toks30
\float@box=\box67
\@float@everytoks=\toks31
\@floatcapt=\box68
)
\@float@every@algorithm=\toks32
\c@algorithm=\count312
) (/usr/share/texmf-dist/tex/latex/hyperref/hyperref.sty
Package: hyperref 2022-02-21 v7.00n Hypertext links for LaTeX
 (/usr/share/texmf-dist/tex/generic/kvsetkeys/kvsetkeys.sty
Package: kvsetkeys 2019/12/15 v1.18 Key value parser (HO)
) (/usr/share/texmf-dist/tex/generic/kvdefinekeys/kvdefinekeys.sty
Package: kvdefinekeys 2019-12-19 v1.6 Define keys (HO)
) (/usr/share/texmf-dist/tex/generic/pdfescape/pdfescape.sty
Package: pdfescape 2019/12/09 v1.15 Implements pdfTeX's escape features (HO)
) (/usr/share/texmf-dist/tex/latex/hycolor/hycolor.sty
Package: hycolor 2020-01-27 v1.10 Color options for hyperref/bookmark (HO)
) (/usr/share/texmf-dist/tex/latex/letltxmacro/letltxmacro.sty
Package: letltxmacro 2019/12/03 v1.6 Let assignment for LaTeX macros (HO)
) (/usr/share/texmf-dist/tex/latex/auxhook/auxhook.sty
Package: auxhook 2019-12-17 v1.6 Hooks for auxiliary files (HO)
) (/usr/share/texmf-dist/tex/latex/kvoptions/kvoptions.sty
Package: kvoptions 2020-10-07 v3.14 Key value format for package options (HO)
)
\@linkdim=\dimen263
\Hy@linkcounter=\count313
\Hy@pagecounter=\count314
 (/usr/share/texmf-dist/tex/latex/hyperref/pd1enc.def
File: pd1enc.def 2022-02-21 v7.00n Hyperref: PDFDocEncoding definition (HO)
Now handling font encoding PD1 ...
... no UTF-8 mapping file for font encoding PD1
) (/usr/share/texmf-dist/tex/generic/intcalc/intcalc.sty
Package: intcalc 2019/12/15 v1.3 Expandable calculations with integers (HO)
) (/usr/share/texmf-dist/tex/generic/etexcmds/etexcmds.sty
Package: etexcmds 2019/12/15 v1.7 Avoid name clashes with e-TeX commands (HO)
)
\Hy@SavedSpaceFactor=\count315
 (/usr/share/texmf-dist/tex/latex/hyperref/puenc.def
File: puenc.def 2022-02-21 v7.00n Hyperref: PDF Unicode definition (HO)
Now handling font encoding PU ...
... no UTF-8 mapping file for font encoding PU
)
Package hyperref Info: Hyper figures OFF on input line 4137.
Package hyperref Info: Link nesting OFF on input line 4142.
Package hyperref Info: Hyper index ON on input line 4145.
Package hyperref Info: Plain pages OFF on input line 4152.
Package hyperref Info: Backreferencing OFF on input line 4157.
Package hyperref Info: Implicit mode ON; LaTeX internals redefined.
Package hyperref Info: Bookmarks ON on input line 4390.
\c@Hy@tempcnt=\count316
 (/usr/share/texmf-dist/tex/latex/url/url.sty
\Urlmuskip=\muskip17
Package: url 2013/09/16  ver 3.4  Verb mode for urls, etc.
)
LaTeX Info: Redefining \url on input line 4749.
\XeTeXLinkMargin=\dimen264
 (/usr/share/texmf-dist/tex/generic/bitset/bitset.sty
Package: bitset 2019/12/09 v1.3 Handle bit-vector datatype (HO)
 (/usr/share/texmf-dist/tex/generic/bigintcalc/bigintcalc.sty
Package: bigintcalc 2019/12/15 v1.5 Expandable calculations on big integers (HO)
))
\Fld@menulength=\count317
\Field@Width=\dimen265
\Fld@charsize=\dimen266
Package hyperref Info: Hyper figures OFF on input line 6027.
Package hyperref Info: Link nesting OFF on input line 6032.
Package hyperref Info: Hyper index ON on input line 6035.
Package hyperref Info: backreferencing OFF on input line 6042.
Package hyperref Info: Link coloring OFF on input line 6047.
Package hyperref Info: Link coloring with OCG OFF on input line 6052.
Package hyperref Info: PDF/A mode OFF on input line 6057.
LaTeX Info: Redefining \ref on input line 6097.
LaTeX Info: Redefining \pageref on input line 6101.
 (/usr/share/texmf-dist/tex/latex/base/atbegshi-ltx.sty
Package: atbegshi-ltx 2021/01/10 v1.0c Emulation of the original atbegshi
package with kernel methods
)
\Hy@abspage=\count318
\c@Item=\count319
\c@Hfootnote=\count320
)
Package hyperref Info: Driver (autodetected): hpdftex.
 (/usr/share/texmf-dist/tex/latex/hyperref/hpdftex.def
File: hpdftex.def 2022-02-21 v7.00n Hyperref driver for pdfTeX
 (/usr/share/texmf-dist/tex/latex/base/atveryend-ltx.sty
Package: atveryend-ltx 2020/08/19 v1.0a Emulation of the original atveryend package
with kernel methods
)
\Fld@listcount=\count321
\c@bookmark@seq@number=\count322
 (/usr/share/texmf-dist/tex/latex/rerunfilecheck/rerunfilecheck.sty
Package: rerunfilecheck 2019/12/05 v1.9 Rerun checks for auxiliary files (HO)
 (/usr/share/texmf-dist/tex/generic/uniquecounter/uniquecounter.sty
Package: uniquecounter 2019/12/15 v1.4 Provide unlimited unique counter (HO)
)
Package uniquecounter Info: New unique counter `rerunfilecheck' on input line 286.
)
\Hy@SectionHShift=\skip72
)
Package hyperref Info: Option `colorlinks' set `true' on input line 120.
 (/usr/share/texmf-dist/tex/latex/tocbibind/tocbibind.sty
Package: tocbibind 2010/10/13 v1.5k extra ToC listings
Package tocbibind Info: The document has chapter divisions on input line 50.


Package tocbibind Note: Using chapter style headings, unless overridden.

) (/usr/share/texmf-dist/tex/latex/algorithmicx/algpseudocode.sty
Package: algpseudocode 
 (/usr/share/texmf-dist/tex/latex/algorithmicx/algorithmicx.sty
Package: algorithmicx 2005/04/27 v1.2 Algorithmicx

Document Style algorithmicx 1.2 - a greatly improved `algorithmic' style
\c@ALG@line=\count323
\c@ALG@rem=\count324
\c@ALG@nested=\count325
\ALG@tlm=\skip73
\ALG@thistlm=\skip74
\c@ALG@Lnr=\count326
\c@ALG@blocknr=\count327
\c@ALG@storecount=\count328
\c@ALG@tmpcounter=\count329
\ALG@tmplength=\skip75
)
Document Style - pseudocode environments for use with the `algorithmicx' style
) (/usr/share/texmf-dist/tex/latex/cite/cite.sty
LaTeX Info: Redefining \cite on input line 302.
LaTeX Info: Redefining \nocite on input line 332.
Package: cite 2015/02/27  v 5.5
) (/usr/share/texmf-dist/tex/generic/ulem/ulem.sty
\UL@box=\box69
\UL@hyphenbox=\box70
\UL@skip=\skip76
\UL@hook=\toks33
\UL@height=\dimen267
\UL@pe=\count330
\UL@pixel=\dimen268
\ULC@box=\box71
Package: ulem 2019/11/18
\ULdepth=\dimen269
)
LaTeX Font Info:    Trying to load font information for OT1+lmr on input line 140.
 (/usr/share/texmf-dist/tex/latex/lm/ot1lmr.fd
File: ot1lmr.fd 2015/05/01 v1.6.1 Font defs for Latin Modern
) (build/23905093_e344_report.aux (build/content/1_literatureReview/1_literatureReview.aux) (build/content/2_design/2_design.aux) (build/content/3_results/3_results.aux) (build/content/4_implementation/4_implementation.aux))
\openout1 = `23905093_e344_report.aux'.

LaTeX Font Info:    Checking defaults for OML/cmm/m/it on input line 140.
LaTeX Font Info:    ... okay on input line 140.
LaTeX Font Info:    Checking defaults for OMS/cmsy/m/n on input line 140.
LaTeX Font Info:    ... okay on input line 140.
LaTeX Font Info:    Checking defaults for OT1/cmr/m/n on input line 140.
LaTeX Font Info:    ... okay on input line 140.
LaTeX Font Info:    Checking defaults for T1/cmr/m/n on input line 140.
LaTeX Font Info:    ... okay on input line 140.
LaTeX Font Info:    Checking defaults for TS1/cmr/m/n on input line 140.
LaTeX Font Info:    ... okay on input line 140.
LaTeX Font Info:    Checking defaults for OMX/cmex/m/n on input line 140.
LaTeX Font Info:    ... okay on input line 140.
LaTeX Font Info:    Checking defaults for U/cmr/m/n on input line 140.
LaTeX Font Info:    ... okay on input line 140.
LaTeX Font Info:    Checking defaults for PD1/pdf/m/n on input line 140.
LaTeX Font Info:    ... okay on input line 140.
LaTeX Font Info:    Checking defaults for PU/pdf/m/n on input line 140.
LaTeX Font Info:    ... okay on input line 140.

*geometry* driver: auto-detecting
*geometry* detected driver: pdftex
*geometry* verbose mode - [ preamble ] result:
* driver: pdftex
* paper: a4paper
* layout: <same size as paper>
* layoutoffset:(h,v)=(0.0pt,0.0pt)
* modes: 
* h-part:(L,W,R)=(62.59596pt, 472.31595pt, 62.59596pt)
* v-part:(T,H,B)=(62.59596pt, 719.85492pt, 62.59596pt)
* \paperwidth=597.50787pt
* \paperheight=845.04684pt
* \textwidth=472.31595pt
* \textheight=719.85492pt
* \oddsidemargin=-9.67403pt
* \evensidemargin=-9.67403pt
* \topmargin=-46.67403pt
* \headheight=14.5pt
* \headsep=25.0pt
* \topskip=12.0pt
* \footskip=30.0pt
* \marginparwidth=35.0pt
* \marginparsep=10.0pt
* \columnsep=10.0pt
* \skip\footins=10.8pt plus 4.0pt minus 2.0pt
* \hoffset=0.0pt
* \voffset=0.0pt
* \mag=1000
* \@twocolumnfalse
* \@twosidefalse
* \@mparswitchfalse
* \@reversemarginfalse
* (1in=72.27pt=25.4mm, 1cm=28.453pt)

Package caption Info: Begin \AtBeginDocument code.
Package caption Info: float package is loaded.
Package caption Info: hyperref package is loaded.
Package caption Info: End \AtBeginDocument code.
(/usr/share/texmf-dist/tex/context/base/mkii/supp-pdf.mkii
[Loading MPS to PDF converter (version 2006.09.02).]
\scratchcounter=\count331
\scratchdimen=\dimen270
\scratchbox=\box72
\nofMPsegments=\count332
\nofMParguments=\count333
\everyMPshowfont=\toks34
\MPscratchCnt=\count334
\MPscratchDim=\dimen271
\MPnumerator=\count335
\makeMPintoPDFobject=\count336
\everyMPtoPDFconversion=\toks35
) (/usr/share/texmf-dist/tex/latex/epstopdf-pkg/epstopdf-base.sty
Package: epstopdf-base 2020-01-24 v2.11 Base part for package epstopdf
 (/usr/share/texmf-dist/tex/latex/grfext/grfext.sty
Package: grfext 2019/12/03 v1.3 Manage graphics extensions (HO)
)
Package epstopdf-base Info: Redefining graphics rule for `.eps' on input line 485.
Package grfext Info: Graphics extension search list:
(grfext)             [.pdf,.png,.jpg,.mps,.jpeg,.jbig2,.jb2,.PDF,.PNG,.JPG,.JPEG,.JBIG2,.JB2,.eps]
(grfext)             \AppendGraphicsExtensions on input line 504.
 (/usr/share/texmf-dist/tex/latex/latexconfig/epstopdf-sys.cfg
File: epstopdf-sys.cfg 2010/07/13 v1.3 Configuration of (r)epstopdf for TeX Live
)) (/usr/share/texmf-dist/tex/latex/pdflscape/pdflscape.sty
Package: pdflscape 2019/12/05 v0.12 Display of landscape pages in PDF (HO)
 (/usr/share/texmf-dist/tex/latex/graphics/lscape.sty
Package: lscape 2020/05/28 v3.02 Landscape Pages (DPC)
)
Package pdflscape Info: Auto-detected driver: pdftex on input line 81.
)
LaTeX Info: Redefining \microtypecontext on input line 140.
Package microtype Info: Applying patch `item' on input line 140.
Package microtype Info: Applying patch `toc' on input line 140.
Package microtype Info: Applying patch `eqnum' on input line 140.
Package microtype Info: Applying patch `footnote' on input line 140.
Package microtype Info: Generating PDF output.
Package microtype Info: Character protrusion enabled (level 2).
Package microtype Info: Using default protrusion set `alltext'.
Package microtype Info: Automatic font expansion enabled (level 2),
(microtype)             stretch: 20, shrink: 20, step: 1, non-selected.
Package microtype Info: Using default expansion set `alltext-nott'.
LaTeX Info: Redefining \showhyphens on input line 140.
Package microtype Info: No adjustment of tracking.
Package microtype Info: No adjustment of interword spacing.
Package microtype Info: No adjustment of character kerning.
 (/usr/share/texmf-dist/tex/latex/microtype/mt-cmr.cfg
File: mt-cmr.cfg 2013/05/19 v2.2 microtype config. file: Computer Modern Roman (RS)
) (/usr/share/texmf-dist/tex/latex/translations/translations-basic-dictionary-english.trsl
File: translations-basic-dictionary-english.trsl (english translation file `translations-basic-dictionary')
)
Package translations Info: loading dictionary `translations-basic-dictionary' for `english'. on input line 140.
Package translations Info: no dictionary file `translations-basic-dictionary-afrikaans.trsl' found. on input line 140.
Package hyperref Info: Link coloring ON on input line 140.
 (/usr/share/texmf-dist/tex/latex/hyperref/nameref.sty
Package: nameref 2021-04-02 v2.47 Cross-referencing by name of section
 (/usr/share/texmf-dist/tex/latex/refcount/refcount.sty
Package: refcount 2019/12/15 v3.6 Data extraction from label references (HO)
) (/usr/share/texmf-dist/tex/generic/gettitlestring/gettitlestring.sty
Package: gettitlestring 2019/12/15 v1.6 Cleanup title references (HO)
)
\c@section@level=\count337
)
LaTeX Info: Redefining \ref on input line 140.
LaTeX Info: Redefining \pageref on input line 140.
LaTeX Info: Redefining \nameref on input line 140.
 (build/23905093_e344_report.out) (build/23905093_e344_report.out)
\@outlinefile=\write3
\openout3 = `23905093_e344_report.out'.

 (./frontmatter/title_page.tex

pdfTeX warning: pdflatex (file ./frontmatter/figures//SU_logo_RGB_without_slogan.pdf): PDF inclusion: found PDF version <1.6>, but at most version <1.5> allowed
<frontmatter/figures//SU_logo_RGB_without_slogan.pdf, id=426, 441.01764pt x 506.96803pt>
File: frontmatter/figures//SU_logo_RGB_without_slogan.pdf Graphic file (type pdf)
<use frontmatter/figures//SU_logo_RGB_without_slogan.pdf>
Package pdftex.def Info: frontmatter/figures//SU_logo_RGB_without_slogan.pdf  used on input line 7.
(pdftex.def)             Requested size: 227.62204pt x 261.66002pt.
LaTeX Font Info:    Trying to load font information for OT1+lmss on input line 11.
(/usr/share/texmf-dist/tex/latex/lm/ot1lmss.fd
File: ot1lmss.fd 2015/05/01 v1.6.1 Font defs for Latin Modern
)
Package microtype Info: Loading generic protrusion settings for font family
(microtype)             `lmss' (encoding: OT1).
(microtype)             For optimal results, create family-specific settings.
(microtype)             See the microtype manual for details.
 [1

{/var/lib/texmf/fonts/map/pdftex/updmap/pdftex.map} <./frontmatter/figures//SU_logo_RGB_without_slogan.pdf>]) (./frontmatter/declaration.tex

pdfTeX warning: pdflatex (file ./frontmatter/figures//SU_horizontal_RGB.pdf): PDF inclusion: found PDF version <1.6>, but at most version <1.5> allowed
<frontmatter/figures//SU_horizontal_RGB.pdf, id=447, 835.26556pt x 283.70393pt>
File: frontmatter/figures//SU_horizontal_RGB.pdf Graphic file (type pdf)
<use frontmatter/figures//SU_horizontal_RGB.pdf>
Package pdftex.def Info: frontmatter/figures//SU_horizontal_RGB.pdf  used on input line 7.
(pdftex.def)             Requested size: 227.62204pt x 77.31104pt.
LaTeX Font Info:    Font shape `OT1/lmss/bx/it' in size <17.28> not available
(Font)              Font shape `OT1/lmss/bx/sl' tried instead on input line 10.
(/usr/share/texmf-dist/tex/latex/lm/omllmm.fd) (/usr/share/texmf-dist/tex/latex/lm/omslmsy.fd) (/usr/share/texmf-dist/tex/latex/lm/omxlmex.fd) (/usr/share/texmf-dist/tex/latex/amsfonts/umsa.fd) (/usr/share/texmf-dist/tex/latex/microtype/mt-msa.cfg) (/usr/share/texmf-dist/tex/latex/amsfonts/umsb.fd) (/usr/share/texmf-dist/tex/latex/microtype/mt-msb.cfg)
File: frontmatter/figures/Signature.png Graphic file (type png)
<use frontmatter/figures/Signature.png>
Package pdftex.def Info: frontmatter/figures/Signature.png  used on input line 43.
(pdftex.def)             Requested size: 79.07391pt x 42.67912pt.
) [1 <./frontmatter/figures//SU_horizontal_RGB.pdf> <./frontmatter/figures/Signature.png (PNG copy)>] (build/23905093_e344_report.toc [2

] [3])
\tf@toc=\write4
\openout4 = `23905093_e344_report.toc'.

 [4] (build/23905093_e344_report.lof [5

] [6])
\tf@lof=\write5
\openout5 = `23905093_e344_report.lof'.

 [7] (build/23905093_e344_report.lot)
\tf@lot=\write6
\openout6 = `23905093_e344_report.lot'.

 (./frontmatter/nomenclature.tex [8

]) [9

]
\openout2 = `content/1_literatureReview/1_literatureReview.aux'.

 (./content/1_literatureReview/1_literatureReview.tex
Chapter 1.
(./content/1_literatureReview/opAmps.tex
LaTeX Font Info:    Trying to load font information for TS1+lmr on input line 18.
 (/usr/share/texmf-dist/tex/latex/lm/ts1lmr.fd
File: ts1lmr.fd 2015/05/01 v1.6.1 Font defs for Latin Modern
) [1


]
Overfull \hbox (6.30171pt too wide) in paragraph at lines 46--61
 [] 
 []

<content/1_literatureReview/figures//opAmp_nonInverting.png, id=1003, 301.125pt x 125.46875pt>
File: content/1_literatureReview/figures//opAmp_nonInverting.png Graphic file (type png)
<use content/1_literatureReview/figures//opAmp_nonInverting.png>
Package pdftex.def Info: content/1_literatureReview/figures//opAmp_nonInverting.png  used on input line 67.
(pdftex.def)             Requested size: 86.90485pt x 36.21077pt.

Underfull \hbox (badness 10000) in paragraph at lines 68--68
[]\OT1/lmss/bx/n/10.95 (+20) Figure 1.1:
 []


Underfull \hbox (badness 10000) in paragraph at lines 68--68
|\OT1/lmr/m/n/10.95 (+20) Non-Inverting
 []

<content/1_literatureReview/figures//opAmp_nonInverting_modified.png, id=1007, 435.12563pt x 298.86656pt>
File: content/1_literatureReview/figures//opAmp_nonInverting_modified.png Graphic file (type png)
<use content/1_literatureReview/figures//opAmp_nonInverting_modified.png>
Package pdftex.def Info: content/1_literatureReview/figures//opAmp_nonInverting_modified.png  used on input line 73.
(pdftex.def)             Requested size: 86.90485pt x 59.69016pt.

Underfull \hbox (badness 10000) in paragraph at lines 74--74
[]\OT1/lmss/bx/n/10.95 (+20) Figure 1.2:
 []


Underfull \hbox (badness 10000) in paragraph at lines 74--74
|\OT1/lmr/m/n/10.95 (+20) Mod-i-fied
 []


Underfull \hbox (badness 10000) in paragraph at lines 74--74
\OT1/lmr/m/n/10.95 (+20) Non-Inverting
 []

<content/1_literatureReview/figures//opAmp_differential.png, id=1010, 298.86656pt x 219.82124pt>
File: content/1_literatureReview/figures//opAmp_differential.png Graphic file (type png)
<use content/1_literatureReview/figures//opAmp_differential.png>
Package pdftex.def Info: content/1_literatureReview/figures//opAmp_differential.png  used on input line 79.
(pdftex.def)             Requested size: 86.90485pt x 63.92093pt.
<content/1_literatureReview/figures//opAmp_instrumentation.png, id=1013, 501.875pt x 401.5pt>
File: content/1_literatureReview/figures//opAmp_instrumentation.png Graphic file (type png)
<use content/1_literatureReview/figures//opAmp_instrumentation.png>
Package pdftex.def Info: content/1_literatureReview/figures//opAmp_instrumentation.png  used on input line 85.
(pdftex.def)             Requested size: 97.7669pt x 78.20947pt.

Underfull \hbox (badness 10000) in paragraph at lines 86--86
\OT1/lmr/m/n/10.95 (+20) stru-men-ta-tion
 []

) [2 <./content/1_literatureReview/figures//opAmp_nonInverting.png> <./content/1_literatureReview/figures//opAmp_nonInverting_modified.png (PNG copy)> <./content/1_literatureReview/figures//opAmp_differential.png (PNG copy)> <./content/1_literatureReview/figures//opAmp_instrumentation.png>] (./content/1_literatureReview/currentSensing.tex
<content/1_literatureReview/figures//currentSensing_hall_effect.jpg, id=1024, 301.125pt x 226.59656pt>
File: content/1_literatureReview/figures//currentSensing_hall_effect.jpg Graphic file (type jpg)
<use content/1_literatureReview/figures//currentSensing_hall_effect.jpg>
Package pdftex.def Info: content/1_literatureReview/figures//currentSensing_hall_effect.jpg  used on input line 16.
(pdftex.def)             Requested size: 141.69621pt x 106.62831pt.
) (./content/1_literatureReview/ultrasonicSensors.tex [3 <./content/1_literatureReview/figures//currentSensing_hall_effect.jpg>]
<content/1_literatureReview/figures//sonicSensor_TTL.png, id=1035, 264.99pt x 348.55219pt>
File: content/1_literatureReview/figures//sonicSensor_TTL.png Graphic file (type png)
<use content/1_literatureReview/figures//sonicSensor_TTL.png>
Package pdftex.def Info: content/1_literatureReview/figures//sonicSensor_TTL.png  used on input line 13.
(pdftex.def)             Requested size: 70.8445pt x 93.18492pt.
<content/1_literatureReview/figures//sonicSensor_timing.png, id=1041, 748.29562pt x 308.65312pt>
File: content/1_literatureReview/figures//sonicSensor_timing.png Graphic file (type png)
<use content/1_literatureReview/figures//sonicSensor_timing.png>
Package pdftex.def Info: content/1_literatureReview/figures//sonicSensor_timing.png  used on input line 35.
(pdftex.def)             Requested size: 188.9235pt x 77.92604pt.
 [4 <./content/1_literatureReview/figures//sonicSensor_TTL.png (PNG copy)> <./content/1_literatureReview/figures//sonicSensor_timing.png (PNG copy)>]
<content/1_literatureReview/figures//sonicSensor_system.png, id=1060, 797.22844pt x 367.3725pt>
File: content/1_literatureReview/figures//sonicSensor_system.png Graphic file (type png)
<use content/1_literatureReview/figures//sonicSensor_system.png>
Package pdftex.def Info: content/1_literatureReview/figures//sonicSensor_system.png  used on input line 55.
(pdftex.def)             Requested size: 259.7752pt x 119.70856pt.
) (./content/1_literatureReview/pwmAnalogConversion.tex [5 <./content/1_literatureReview/figures//sonicSensor_system.png (PNG copy)>]
<content/1_literatureReview/figures//pwm_graph.png, id=1072, 683.55376pt x 324.21124pt>
File: content/1_literatureReview/figures//pwm_graph.png Graphic file (type png)
<use content/1_literatureReview/figures//pwm_graph.png>
Package pdftex.def Info: content/1_literatureReview/figures//pwm_graph.png  used on input line 14.
(pdftex.def)             Requested size: 118.07898pt x 56.0007pt.
<content/1_literatureReview/figures//pwm_filtered.png, id=1077, 709.90219pt x 516.42938pt>
File: content/1_literatureReview/figures//pwm_filtered.png Graphic file (type png)
<use content/1_literatureReview/figures//pwm_filtered.png>
Package pdftex.def Info: content/1_literatureReview/figures//pwm_filtered.png  used on input line 27.
(pdftex.def)             Requested size: 141.69621pt x 103.07916pt.
) (./content/1_literatureReview/digitalAnalogConversion.tex [6 <./content/1_literatureReview/figures//pwm_graph.png> <./content/1_literatureReview/figures//pwm_filtered.png (PNG copy)>]
<content/1_literatureReview/figures//dac_nonInvertingRWN.png, id=1091, 776.14969pt x 499.11469pt>
File: content/1_literatureReview/figures//dac_nonInvertingRWN.png Graphic file (type png)
<use content/1_literatureReview/figures//dac_nonInvertingRWN.png>
Package pdftex.def Info: content/1_literatureReview/figures//dac_nonInvertingRWN.png  used on input line 19.
(pdftex.def)             Requested size: 145.47346pt x 93.54568pt.
<content/1_literatureReview/figures//dac_invertingR2R.png, id=1094, 392.21532pt x 234.1247pt>
File: content/1_literatureReview/figures//dac_invertingR2R.png Graphic file (type png)
<use content/1_literatureReview/figures//dac_invertingR2R.png>
Package pdftex.def Info: content/1_literatureReview/figures//dac_invertingR2R.png  used on input line 25.
(pdftex.def)             Requested size: 170.02998pt x 101.49689pt.
) (./content/1_literatureReview/leadAcidBatteries.tex [7 <./content/1_literatureReview/figures//dac_nonInvertingRWN.png (PNG copy)> <./content/1_literatureReview/figures//dac_invertingR2R.png (PNG copy)>]
<content/1_literatureReview/figures//batteryCharging_stages.jpg, id=1103, 463.7325pt x 445.665pt>
File: content/1_literatureReview/figures//batteryCharging_stages.jpg Graphic file (type jpg)
<use content/1_literatureReview/figures//batteryCharging_stages.jpg>
Package pdftex.def Info: content/1_literatureReview/figures//batteryCharging_stages.jpg  used on input line 13.
(pdftex.def)             Requested size: 188.9235pt x 181.56097pt.
)) [8 <./content/1_literatureReview/figures//batteryCharging_stages.jpg>]
\openout2 = `content/2_design/2_design.aux'.

 (./content/2_design/2_design.tex
Chapter 2.
(./content/2_design/systemDesign.tex
<content/2_design/figures/voltageRegulation_blockDiagram.png, id=1117, 569.87906pt x 469.00218pt>
File: content/2_design/figures/voltageRegulation_blockDiagram.png Graphic file (type png)
<use content/2_design/figures/voltageRegulation_blockDiagram.png>
Package pdftex.def Info: content/2_design/figures/voltageRegulation_blockDiagram.png  used on input line 9.
(pdftex.def)             Requested size: 377.85419pt x 310.96652pt.
) [9




 <./content/2_design/figures/voltageRegulation_blockDiagram.png (PNG copy)>] (./content/2_design/voltageRegulation.tex
<content/2_design/figures/voltageRegulation_3v3.png, id=1125, 584.93532pt x 228.855pt>
File: content/2_design/figures/voltageRegulation_3v3.png Graphic file (type png)
<use content/2_design/figures/voltageRegulation_3v3.png>
Package pdftex.def Info: content/2_design/figures/voltageRegulation_3v3.png  used on input line 14.
(pdftex.def)             Requested size: 188.9235pt x 73.91603pt.
<content/2_design/figures/voltageRegulation_5v.png, id=1128, 587.94656pt x 229.60782pt>
File: content/2_design/figures/voltageRegulation_5v.png Graphic file (type png)
<use content/2_design/figures/voltageRegulation_5v.png>
Package pdftex.def Info: content/2_design/figures/voltageRegulation_5v.png  used on input line 20.
(pdftex.def)             Requested size: 188.9235pt x 73.7773pt.
) [10 <./content/2_design/figures/voltageRegulation_3v3.png (PNG copy)> <./content/2_design/figures/voltageRegulation_5v.png (PNG copy)>] (./content/2_design/currentSensor.tex [11]
<content/2_design/figures//currentSensor_sim_circuit.png, id=1144, 745.28438pt x 373.395pt>
File: content/2_design/figures//currentSensor_sim_circuit.png Graphic file (type png)
<use content/2_design/figures//currentSensor_sim_circuit.png>
Package pdftex.def Info: content/2_design/figures//currentSensor_sim_circuit.png  used on input line 45.
(pdftex.def)             Requested size: 377.85419pt x 189.3065pt.
) [12 <./content/2_design/figures//currentSensor_sim_circuit.png (PNG copy)>] (./content/2_design/ultrasonicSensor.tex
Overfull \hbox (4.27333pt too wide) in paragraph at lines 31--42
 [][] 
 []

<content/2_design/figures//rangeSensor_circuitDiagram.png, id=1155, 1014.03844pt x 289.08pt>
File: content/2_design/figures//rangeSensor_circuitDiagram.png Graphic file (type png)
<use content/2_design/figures//rangeSensor_circuitDiagram.png>
Package pdftex.def Info: content/2_design/figures//rangeSensor_circuitDiagram.png  used on input line 55.
(pdftex.def)             Requested size: 377.85419pt x 107.71661pt.
[13]) (./content/2_design/digitalAnalogConverter.tex [14 <./content/2_design/figures//rangeSensor_circuitDiagram.png (PNG copy)>]
<content/2_design/figures//dac_circuitDiagram.png, id=1175, 856.70062pt x 556.32843pt>
File: content/2_design/figures//dac_circuitDiagram.png Graphic file (type png)
<use content/2_design/figures//dac_circuitDiagram.png>
Package pdftex.def Info: content/2_design/figures//dac_circuitDiagram.png  used on input line 33.
(pdftex.def)             Requested size: 198.37183pt x 128.81871pt.
) (./content/2_design/analogMotorController.tex [15 <./content/2_design/figures//dac_circuitDiagram.png (PNG copy)>] [16]
<content/2_design/figures//motorController_subtractor_circuitDiagram.png, id=1196, 860.46469pt x 428.35031pt>
File: content/2_design/figures//motorController_subtractor_circuitDiagram.png Graphic file (type png)
<use content/2_design/figures//motorController_subtractor_circuitDiagram.png>
Package pdftex.def Info: content/2_design/figures//motorController_subtractor_circuitDiagram.png  used on input line 71.
(pdftex.def)             Requested size: 283.39244pt x 141.07498pt.
<content/2_design/figures//motorController_power_circuitDiagram.png, id=1197, 269.50688pt x 237.13594pt>
File: content/2_design/figures//motorController_power_circuitDiagram.png Graphic file (type png)
<use content/2_design/figures//motorController_power_circuitDiagram.png>
Package pdftex.def Info: content/2_design/figures//motorController_power_circuitDiagram.png  used on input line 77.
(pdftex.def)             Requested size: 165.31346pt x 145.4596pt.
) (./content/2_design/digitalMotorControllerFirmware.tex
<content/2_design/figures//digitalMotorController_flowChart_setup.png, id=1198, 704.6325pt x 176.91093pt>
File: content/2_design/figures//digitalMotorController_flowChart_setup.png Graphic file (type png)
<use content/2_design/figures//digitalMotorController_flowChart_setup.png>
Package pdftex.def Info: content/2_design/figures//digitalMotorController_flowChart_setup.png  used on input line 10.
(pdftex.def)             Requested size: 191.28535pt x 48.02573pt.
<content/2_design/figures//digitalMotorController_flowChart_interrupt.png, id=1199, 701.62125pt x 184.43906pt>
File: content/2_design/figures//digitalMotorController_flowChart_interrupt.png Graphic file (type png)
<use content/2_design/figures//digitalMotorController_flowChart_interrupt.png>
Package pdftex.def Info: content/2_design/figures//digitalMotorController_flowChart_interrupt.png  used on input line 16.
(pdftex.def)             Requested size: 191.28535pt x 50.28326pt.
<content/2_design/figures//digitalMotorController_flowChart_loop.png, id=1200, 699.36281pt x 182.93344pt>
File: content/2_design/figures//digitalMotorController_flowChart_loop.png Graphic file (type png)
<use content/2_design/figures//digitalMotorController_flowChart_loop.png>
Package pdftex.def Info: content/2_design/figures//digitalMotorController_flowChart_loop.png  used on input line 22.
(pdftex.def)             Requested size: 191.28535pt x 50.03468pt.
 [17 <./content/2_design/figures//motorController_subtractor_circuitDiagram.png (PNG copy)> <./content/2_design/figures//motorController_power_circuitDiagram.png (PNG copy)>]) (./content/2_design/digitalMotorControllerSwitch.tex [18 <./content/2_design/figures//digitalMotorController_flowChart_setup.png (PNG copy)> <./content/2_design/figures//digitalMotorController_flowChart_interrupt.png (PNG copy)> <./content/2_design/figures//digitalMotorController_flowChart_loop.png (PNG copy)>] [19]
<content/2_design/figures//digitalMotorController_circuitDiagram.png, id=1222, 1136.74687pt x 527.72156pt>
File: content/2_design/figures//digitalMotorController_circuitDiagram.png Graphic file (type png)
<use content/2_design/figures//digitalMotorController_circuitDiagram.png>
Package pdftex.def Info: content/2_design/figures//digitalMotorController_circuitDiagram.png  used on input line 61.
(pdftex.def)             Requested size: 330.61972pt x 153.48627pt.
) (./content/2_design/batteryCharger.tex [20 <./content/2_design/figures//digitalMotorController_circuitDiagram.png (PNG copy)>]
<content/2_design/figures//batteryCharger_circuitDiagram.png, id=1231, 960.58875pt x 370.38374pt>
File: content/2_design/figures//batteryCharger_circuitDiagram.png Graphic file (type png)
<use content/2_design/figures//batteryCharger_circuitDiagram.png>
Package pdftex.def Info: content/2_design/figures//batteryCharger_circuitDiagram.png  used on input line 42.
(pdftex.def)             Requested size: 283.39244pt x 109.2679pt.
) (./content/2_design/batteryReader.tex [21]
<content/2_design/figures//batteryReader_circuitDiagram.png, id=1240, 802.49812pt x 623.32875pt>
File: content/2_design/figures//batteryReader_circuitDiagram.png Graphic file (type png)
<use content/2_design/figures//batteryReader_circuitDiagram.png>
Package pdftex.def Info: content/2_design/figures//batteryReader_circuitDiagram.png  used on input line 12.
(pdftex.def)             Requested size: 188.9235pt x 146.73907pt.
 [22 <./content/2_design/figures//batteryCharger_circuitDiagram.png (PNG copy)> <./content/2_design/figures//batteryReader_circuitDiagram.png (PNG copy)>]) (./content/2_design/underVoltageProtection.tex
<content/2_design/figures//underVoltageProtection_circuitDiagram.png, id=1246, 891.33pt x 411.78844pt>
File: content/2_design/figures//underVoltageProtection_circuitDiagram.png Graphic file (type png)
<use content/2_design/figures//underVoltageProtection_circuitDiagram.png>
Package pdftex.def Info: content/2_design/figures//underVoltageProtection_circuitDiagram.png  used on input line 17.
(pdftex.def)             Requested size: 283.39244pt x 130.92673pt.
 [23 <./content/2_design/figures//underVoltageProtection_circuitDiagram.png (PNG copy)>]) [24] (./content/2_design/serialCommunication.tex
Overfull \hbox (1.78185pt too wide) in paragraph at lines 21--46
 [][] 
 []

)) [25]
\openout2 = `content/3_results/3_results.aux'.

 (./content/3_results/3_results.tex
Chapter 3.
(./content/3_results/voltageRegulation.tex
<content/3_results/figures/voltageRegulation_3v3.jpeg, id=1263, 1606.0pt x 1204.5pt>
File: content/3_results/figures/voltageRegulation_3v3.jpeg Graphic file (type jpg)
<use content/3_results/figures/voltageRegulation_3v3.jpeg>
Package pdftex.def Info: content/3_results/figures/voltageRegulation_3v3.jpeg  used on input line 15.
(pdftex.def)             Requested size: 212.54073pt x 159.40251pt.
<content/3_results/figures/voltageRegulation_5v.jpeg, id=1264, 1606.0pt x 1204.5pt>
File: content/3_results/figures/voltageRegulation_5v.jpeg Graphic file (type jpg)
<use content/3_results/figures/voltageRegulation_5v.jpeg>
Package pdftex.def Info: content/3_results/figures/voltageRegulation_5v.jpeg  used on input line 21.
(pdftex.def)             Requested size: 212.54073pt x 159.40251pt.
) (./content/3_results/currentSensor.tex [26




 <./content/3_results/figures/voltageRegulation_3v3.jpeg> <./content/3_results/figures/voltageRegulation_5v.jpeg>]
<content/3_results/figures/currentSensor_sim_stepResponse.png, id=1269, 1032.10594pt x 321.45094pt>
File: content/3_results/figures/currentSensor_sim_stepResponse.png Graphic file (type png)
<use content/3_results/figures/currentSensor_sim_stepResponse.png>
Package pdftex.def Info: content/3_results/figures/currentSensor_sim_stepResponse.png  used on input line 11.
(pdftex.def)             Requested size: 283.39244pt x 88.25948pt.
<content/3_results/figures/currentSensor_sim_currentDraw.png, id=1270, 915.42pt x 319.1925pt>
File: content/3_results/figures/currentSensor_sim_currentDraw.png Graphic file (type png)
<use content/3_results/figures/currentSensor_sim_currentDraw.png>
Package pdftex.def Info: content/3_results/figures/currentSensor_sim_currentDraw.png  used on input line 18.
(pdftex.def)             Requested size: 236.15797pt x 82.34518pt.
 [27 <./content/3_results/figures/currentSensor_sim_stepResponse.png (PNG copy)> <./content/3_results/figures/currentSensor_sim_currentDraw.png (PNG copy)>]
<content/3_results/figures/currentSensor_impl_noise.jpeg, id=1278, 609.77812pt x 467.49657pt>
File: content/3_results/figures/currentSensor_impl_noise.jpeg Graphic file (type jpg)
<use content/3_results/figures/currentSensor_impl_noise.jpeg>
Package pdftex.def Info: content/3_results/figures/currentSensor_impl_noise.jpeg  used on input line 47.
(pdftex.def)             Requested size: 148.77785pt x 114.06328pt.
<content/3_results/figures/currentSensor_impl_stepResponse.jpeg, id=1279, 612.78937pt x 425.33907pt>
File: content/3_results/figures/currentSensor_impl_stepResponse.jpeg Graphic file (type jpg)
<use content/3_results/figures/currentSensor_impl_stepResponse.jpeg>
Package pdftex.def Info: content/3_results/figures/currentSensor_impl_stepResponse.jpeg  used on input line 53.
(pdftex.def)             Requested size: 148.77785pt x 103.26466pt.
<content/3_results/figures/currentSensor_impl_freeRunning.png, id=1281, 390.70969pt x 305.64188pt>
File: content/3_results/figures/currentSensor_impl_freeRunning.png Graphic file (type png)
<use content/3_results/figures/currentSensor_impl_freeRunning.png>
Package pdftex.def Info: content/3_results/figures/currentSensor_impl_freeRunning.png  used on input line 86.
(pdftex.def)             Requested size: 99.1869pt x 77.5902pt.
<content/3_results/figures/currentSensor_impl_increasingLoad.png, id=1282, 355.3275pt x 279.29344pt>
File: content/3_results/figures/currentSensor_impl_increasingLoad.png Graphic file (type png)
<use content/3_results/figures/currentSensor_impl_increasingLoad.png>
Package pdftex.def Info: content/3_results/figures/currentSensor_impl_increasingLoad.png  used on input line 91.
(pdftex.def)             Requested size: 99.1869pt x 77.96297pt.
<content/3_results/figures/currentSensor_impl_stall.png, id=1283, 365.11406pt x 273.27094pt>
File: content/3_results/figures/currentSensor_impl_stall.png Graphic file (type png)
<use content/3_results/figures/currentSensor_impl_stall.png>
Package pdftex.def Info: content/3_results/figures/currentSensor_impl_stall.png  used on input line 96.
(pdftex.def)             Requested size: 99.1869pt x 74.23447pt.
) [28 <./content/3_results/figures/currentSensor_impl_noise.jpeg> <./content/3_results/figures/currentSensor_impl_stepResponse.jpeg> <./content/3_results/figures/currentSensor_impl_freeRunning.png (PNG copy)> <./content/3_results/figures/currentSensor_impl_increasingLoad.png (PNG copy)> <./content/3_results/figures/currentSensor_impl_stall.png (PNG copy)>] (./content/3_results/rangeSensor.tex
<content/3_results/figures/rangeSensor_sim_fullRange.png, id=1288, 1184.17406pt x 319.94531pt>
File: content/3_results/figures/rangeSensor_sim_fullRange.png Graphic file (type png)
<use content/3_results/figures/rangeSensor_sim_fullRange.png>
Package pdftex.def Info: content/3_results/figures/rangeSensor_sim_fullRange.png  used on input line 8.
(pdftex.def)             Requested size: 377.85419pt x 102.08678pt.
<content/3_results/figures/rangeSensor_sim_stepResponse.png, id=1289, 536.0025pt x 319.1925pt>
File: content/3_results/figures/rangeSensor_sim_stepResponse.png Graphic file (type png)
<use content/3_results/figures/rangeSensor_sim_stepResponse.png>
Package pdftex.def Info: content/3_results/figures/rangeSensor_sim_stepResponse.png  used on input line 17.
(pdftex.def)             Requested size: 170.03322pt x 101.25238pt.
<content/3_results/figures/rangeSensor_sim_noiseLevel.png, id=1290, 785.93625pt x 319.1925pt>
File: content/3_results/figures/rangeSensor_sim_noiseLevel.png Graphic file (type png)
<use content/3_results/figures/rangeSensor_sim_noiseLevel.png>
Package pdftex.def Info: content/3_results/figures/rangeSensor_sim_noiseLevel.png  used on input line 23.
(pdftex.def)             Requested size: 212.54073pt x 86.31949pt.
<content/3_results/figures/rangeSensor_sim_currentDraw.png, id=1291, 941.76843pt x 319.1925pt>
File: content/3_results/figures/rangeSensor_sim_currentDraw.png Graphic file (type png)
<use content/3_results/figures/rangeSensor_sim_currentDraw.png>
Package pdftex.def Info: content/3_results/figures/rangeSensor_sim_currentDraw.png  used on input line 31.
(pdftex.def)             Requested size: 236.15797pt x 80.03658pt.
<content/3_results/figures/rangeSensor_impl_noiseLevel.jpeg, id=1296, 1604.99625pt x 902.37125pt>
File: content/3_results/figures/rangeSensor_impl_noiseLevel.jpeg Graphic file (type jpg)
<use content/3_results/figures/rangeSensor_impl_noiseLevel.jpeg>
Package pdftex.def Info: content/3_results/figures/rangeSensor_impl_noiseLevel.jpeg  used on input line 50.
(pdftex.def)             Requested size: 283.39244pt x 159.32178pt.
 [29 <./content/3_results/figures/rangeSensor_sim_fullRange.png (PNG copy)> <./content/3_results/figures/rangeSensor_sim_stepResponse.png (PNG copy)> <./content/3_results/figures/rangeSensor_sim_noiseLevel.png (PNG copy)> <./content/3_results/figures/rangeSensor_sim_currentDraw.png (PNG copy)>]
<content/3_results/figures/rangeSensor_impl_stepResponse.jpeg, id=1301, 1604.99625pt x 902.37125pt>
File: content/3_results/figures/rangeSensor_impl_stepResponse.jpeg Graphic file (type jpg)
<use content/3_results/figures/rangeSensor_impl_stepResponse.jpeg>
Package pdftex.def Info: content/3_results/figures/rangeSensor_impl_stepResponse.jpeg  used on input line 59.
(pdftex.def)             Requested size: 201.91304pt x 113.51212pt.
<content/3_results/figures/rangeSensor_impl_gradual.jpeg, id=1302, 1604.99625pt x 902.37125pt>
File: content/3_results/figures/rangeSensor_impl_gradual.jpeg Graphic file (type jpg)
<use content/3_results/figures/rangeSensor_impl_gradual.jpeg>
Package pdftex.def Info: content/3_results/figures/rangeSensor_impl_gradual.jpeg  used on input line 65.
(pdftex.def)             Requested size: 201.91304pt x 113.51212pt.
) [30 <./content/3_results/figures/rangeSensor_impl_noiseLevel.jpeg> <./content/3_results/figures/rangeSensor_impl_stepResponse.jpeg> <./content/3_results/figures/rangeSensor_impl_gradual.jpeg>] (./content/3_results/digitalAnalogConverter.tex
<content/3_results/figures/dac_sim_range.png, id=1310, 892.08281pt x 319.1925pt>
File: content/3_results/figures/dac_sim_range.png Graphic file (type png)
<use content/3_results/figures/dac_sim_range.png>
Package pdftex.def Info: content/3_results/figures/dac_sim_range.png  used on input line 10.
(pdftex.def)             Requested size: 236.15797pt x 84.49794pt.
<content/3_results/figures/dac_sim_currentDraw.png, id=1311, 596.2275pt x 317.68687pt>
File: content/3_results/figures/dac_sim_currentDraw.png Graphic file (type png)
<use content/3_results/figures/dac_sim_currentDraw.png>
Package pdftex.def Info: content/3_results/figures/dac_sim_currentDraw.png  used on input line 16.
(pdftex.def)             Requested size: 212.54073pt x 113.2474pt.
<content/3_results/figures/dac_impl_0000.jpeg, id=1314, 676.77844pt x 662.475pt>
File: content/3_results/figures/dac_impl_0000.jpeg Graphic file (type jpg)
<use content/3_results/figures/dac_impl_0000.jpeg>
Package pdftex.def Info: content/3_results/figures/dac_impl_0000.jpeg  used on input line 35.
(pdftex.def)             Requested size: 103.91008pt x 101.71214pt.

Underfull \hbox (badness 10000) in paragraph at lines 36--36
[]\OT1/lmss/bx/n/10.95 (+20) Figure 3.19:
 []


Underfull \hbox (badness 1997) in paragraph at lines 36--36
|\OT1/lmr/m/n/10.95 (+20) DAC Out-put
 []

<content/3_results/figures/dac_impl_0001.jpeg, id=1315, 587.19376pt x 668.4975pt>
File: content/3_results/figures/dac_impl_0001.jpeg Graphic file (type jpg)
<use content/3_results/figures/dac_impl_0001.jpeg>
Package pdftex.def Info: content/3_results/figures/dac_impl_0001.jpeg  used on input line 41.
(pdftex.def)             Requested size: 94.46175pt x 107.533pt.

Underfull \hbox (badness 10000) in paragraph at lines 42--42
|\OT1/lmr/m/n/10.95 (+20) DAC Out-
 []

<content/3_results/figures/dac_impl_1110.jpeg, id=1316, 676.77844pt x 697.10437pt>
File: content/3_results/figures/dac_impl_1110.jpeg Graphic file (type jpg)
<use content/3_results/figures/dac_impl_1110.jpeg>
Package pdftex.def Info: content/3_results/figures/dac_impl_1110.jpeg  used on input line 47.
(pdftex.def)             Requested size: 103.91008pt x 107.0289pt.

Underfull \hbox (badness 10000) in paragraph at lines 48--48
[]\OT1/lmss/bx/n/10.95 (+20) Figure 3.21:
 []


Underfull \hbox (badness 1997) in paragraph at lines 48--48
|\OT1/lmr/m/n/10.95 (+20) DAC Out-put
 []

<content/3_results/figures/dac_impl_1111.jpeg, id=1317, 620.3175pt x 673.01437pt>
File: content/3_results/figures/dac_impl_1111.jpeg Graphic file (type jpg)
<use content/3_results/figures/dac_impl_1111.jpeg>
Package pdftex.def Info: content/3_results/figures/dac_impl_1111.jpeg  used on input line 53.
(pdftex.def)             Requested size: 94.46175pt x 102.47792pt.

Underfull \hbox (badness 10000) in paragraph at lines 54--54
|\OT1/lmr/m/n/10.95 (+20) DAC Out-
 []

) (./content/3_results/analogMotorController.tex [31 <./content/3_results/figures/dac_sim_range.png> <./content/3_results/figures/dac_sim_currentDraw.png (PNG copy)> <./content/3_results/figures/dac_impl_0000.jpeg> <./content/3_results/figures/dac_impl_0001.jpeg> <./content/3_results/figures/dac_impl_1110.jpeg> <./content/3_results/figures/dac_impl_1111.jpeg>]
<content/3_results/figures/motorController_sim_subtractor_output.png, id=1325, 1429.59094pt x 315.42844pt>
File: content/3_results/figures/motorController_sim_subtractor_output.png Graphic file (type png)
<use content/3_results/figures/motorController_sim_subtractor_output.png>
Package pdftex.def Info: content/3_results/figures/motorController_sim_subtractor_output.png  used on input line 10.
(pdftex.def)             Requested size: 377.85419pt x 83.37154pt.
<content/3_results/figures/motorController_sim_subtractor_currentDraw.png, id=1326, 1192.455pt x 319.94531pt>
File: content/3_results/figures/motorController_sim_subtractor_currentDraw.png Graphic file (type png)
<use content/3_results/figures/motorController_sim_subtractor_currentDraw.png>
Package pdftex.def Info: content/3_results/figures/motorController_sim_subtractor_currentDraw.png  used on input line 17.
(pdftex.def)             Requested size: 283.39244pt x 76.0366pt.
<content/3_results/figures/motorController_sim_power_output.png, id=1327, 672.26157pt x 316.93407pt>
File: content/3_results/figures/motorController_sim_power_output.png Graphic file (type png)
<use content/3_results/figures/motorController_sim_power_output.png>
Package pdftex.def Info: content/3_results/figures/motorController_sim_power_output.png  used on input line 24.
(pdftex.def)             Requested size: 212.54073pt x 100.20229pt.
<content/3_results/figures/motorController_far_0000.jpeg, id=1328, 1606.0pt x 1204.5pt>
File: content/3_results/figures/motorController_far_0000.jpeg Graphic file (type jpg)
<use content/3_results/figures/motorController_far_0000.jpeg>
Package pdftex.def Info: content/3_results/figures/motorController_far_0000.jpeg  used on input line 48.
(pdftex.def)             Requested size: 179.48236pt x 134.60901pt.
<content/3_results/figures/motorController_far_1111.jpeg, id=1329, 1606.0pt x 1204.5pt>
File: content/3_results/figures/motorController_far_1111.jpeg Graphic file (type jpg)
<use content/3_results/figures/motorController_far_1111.jpeg>
Package pdftex.def Info: content/3_results/figures/motorController_far_1111.jpeg  used on input line 54.
(pdftex.def)             Requested size: 179.48236pt x 134.60901pt.
 [32 <./content/3_results/figures/motorController_sim_subtractor_output.png (PNG copy)> <./content/3_results/figures/motorController_sim_subtractor_currentDraw.png (PNG copy)> <./content/3_results/figures/motorController_sim_power_output.png (PNG copy)>]
<content/3_results/figures/motorController_near_0000.jpeg, id=1334, 1606.0pt x 1204.5pt>
File: content/3_results/figures/motorController_near_0000.jpeg Graphic file (type jpg)
<use content/3_results/figures/motorController_near_0000.jpeg>
Package pdftex.def Info: content/3_results/figures/motorController_near_0000.jpeg  used on input line 64.
(pdftex.def)             Requested size: 179.48236pt x 134.60901pt.
<content/3_results/figures/motorController_near_1111.jpeg, id=1335, 1606.0pt x 1204.5pt>
File: content/3_results/figures/motorController_near_1111.jpeg Graphic file (type jpg)
<use content/3_results/figures/motorController_near_1111.jpeg>
Package pdftex.def Info: content/3_results/figures/motorController_near_1111.jpeg  used on input line 70.
(pdftex.def)             Requested size: 179.48236pt x 134.60901pt.
<content/3_results/figures/motorController_20cm_1111.jpeg, id=1337, 1606.0pt x 1204.5pt>
File: content/3_results/figures/motorController_20cm_1111.jpeg Graphic file (type jpg)
<use content/3_results/figures/motorController_20cm_1111.jpeg>
Package pdftex.def Info: content/3_results/figures/motorController_20cm_1111.jpeg  used on input line 84.
(pdftex.def)             Requested size: 141.69621pt x 106.26834pt.
) [33 <./content/3_results/figures/motorController_far_0000.jpeg> <./content/3_results/figures/motorController_far_1111.jpeg> <./content/3_results/figures/motorController_near_0000.jpeg> <./content/3_results/figures/motorController_near_1111.jpeg> <./content/3_results/figures/motorController_20cm_1111.jpeg>] (./content/3_results/digitalMotorController.tex
<content/3_results/figures/digitalMotorController_sim_controlVersusOutput.png, id=1343, 1433.355pt x 624.83438pt>
File: content/3_results/figures/digitalMotorController_sim_controlVersusOutput.png Graphic file (type png)
<use content/3_results/figures/digitalMotorController_sim_controlVersusOutput.png>
Package pdftex.def Info: content/3_results/figures/digitalMotorController_sim_controlVersusOutput.png  used on input line 8.
(pdftex.def)             Requested size: 377.85419pt x 164.7127pt.
<content/3_results/figures/digitalMotorController_sim_currentVsSensor.png, id=1344, 1431.84938pt x 547.2947pt>
File: content/3_results/figures/digitalMotorController_sim_currentVsSensor.png Graphic file (type png)
<use content/3_results/figures/digitalMotorController_sim_currentVsSensor.png>
Package pdftex.def Info: content/3_results/figures/digitalMotorController_sim_currentVsSensor.png  used on input line 15.
(pdftex.def)             Requested size: 377.85419pt x 144.42278pt.
<content/3_results/figures/digitalMotorController_sim_mosfetTurnOn.png, id=1345, 804.75656pt x 321.45094pt>
File: content/3_results/figures/digitalMotorController_sim_mosfetTurnOn.png Graphic file (type png)
<use content/3_results/figures/digitalMotorController_sim_mosfetTurnOn.png>
Package pdftex.def Info: content/3_results/figures/digitalMotorController_sim_mosfetTurnOn.png  used on input line 22.
(pdftex.def)             Requested size: 330.61972pt x 132.0606pt.
 [34 <./content/3_results/figures/digitalMotorController_sim_controlVersusOutput.png (PNG copy)> <./content/3_results/figures/digitalMotorController_sim_currentVsSensor.png (PNG copy)> <./content/3_results/figures/digitalMotorController_sim_mosfetTurnOn.png (PNG copy)>]
<content/3_results/figures/digitalMotorController_far_1111.jpeg, id=1351, 722.7pt x 1284.8pt>
File: content/3_results/figures/digitalMotorController_far_1111.jpeg Graphic file (type jpg)
<use content/3_results/figures/digitalMotorController_far_1111.jpeg>
Package pdftex.def Info: content/3_results/figures/digitalMotorController_far_1111.jpeg  used on input line 37.
(pdftex.def)             Requested size: 106.27036pt x 188.90842pt.
<content/3_results/figures/digitalMotorController_far_0000.jpeg, id=1352, 722.7pt x 1284.8pt>
File: content/3_results/figures/digitalMotorController_far_0000.jpeg Graphic file (type jpg)
<use content/3_results/figures/digitalMotorController_far_0000.jpeg>
Package pdftex.def Info: content/3_results/figures/digitalMotorController_far_0000.jpeg  used on input line 43.
(pdftex.def)             Requested size: 106.27036pt x 188.90842pt.
<content/3_results/figures/digitalMotorController_near_1111.jpeg, id=1353, 1284.8pt x 722.7pt>
File: content/3_results/figures/digitalMotorController_near_1111.jpeg Graphic file (type jpg)
<use content/3_results/figures/digitalMotorController_near_1111.jpeg>
Package pdftex.def Info: content/3_results/figures/digitalMotorController_near_1111.jpeg  used on input line 53.
(pdftex.def)             Requested size: 212.54073pt x 119.54912pt.
<content/3_results/figures/digitalMotorController_near_0000.jpeg, id=1354, 1604.99625pt x 902.37125pt>
File: content/3_results/figures/digitalMotorController_near_0000.jpeg Graphic file (type jpg)
<use content/3_results/figures/digitalMotorController_near_0000.jpeg>
Package pdftex.def Info: content/3_results/figures/digitalMotorController_near_0000.jpeg  used on input line 59.
(pdftex.def)             Requested size: 212.54073pt x 119.48788pt.
<content/3_results/figures/digitalMotorController_50cm_1111.jpeg, id=1355, 902.37125pt x 1604.99625pt>
File: content/3_results/figures/digitalMotorController_50cm_1111.jpeg Graphic file (type jpg)
<use content/3_results/figures/digitalMotorController_50cm_1111.jpeg>
Package pdftex.def Info: content/3_results/figures/digitalMotorController_50cm_1111.jpeg  used on input line 67.
(pdftex.def)             Requested size: 118.07898pt x 210.0038pt.
) [35 <./content/3_results/figures/digitalMotorController_far_1111.jpeg> <./content/3_results/figures/digitalMotorController_far_0000.jpeg> <./content/3_results/figures/digitalMotorController_near_1111.jpeg> <./content/3_results/figures/digitalMotorController_near_0000.jpeg> <./content/3_results/figures/digitalMotorController_50cm_1111.jpeg>] (./content/3_results/batteryCharger.tex
<content/3_results/figures/batteryCharger_sim.png, id=1360, 759.58781pt x 350.81062pt>
File: content/3_results/figures/batteryCharger_sim.png Graphic file (type png)
<use content/3_results/figures/batteryCharger_sim.png>
Package pdftex.def Info: content/3_results/figures/batteryCharger_sim.png  used on input line 8.
(pdftex.def)             Requested size: 377.85419pt x 174.51093pt.
<content/3_results/figures/batteryCharger_sim_regulation.png, id=1361, 755.82375pt x 335.75438pt>
File: content/3_results/figures/batteryCharger_sim_regulation.png Graphic file (type png)
<use content/3_results/figures/batteryCharger_sim_regulation.png>
Package pdftex.def Info: content/3_results/figures/batteryCharger_sim_regulation.png  used on input line 15.
(pdftex.def)             Requested size: 377.85419pt x 167.85115pt.
 [36 <./content/3_results/figures/batteryCharger_sim.png (PNG copy)> <./content/3_results/figures/batteryCharger_sim_regulation.png (PNG copy)>]
<content/3_results/figures/batteryChargerUnloaded.jpeg, id=1366, 734.745pt x 659.46375pt>
File: content/3_results/figures/batteryChargerUnloaded.jpeg Graphic file (type jpg)
<use content/3_results/figures/batteryChargerUnloaded.jpeg>
Package pdftex.def Info: content/3_results/figures/batteryChargerUnloaded.jpeg  used on input line 28.
(pdftex.def)             Requested size: 165.31346pt x 148.37294pt.

Underfull \hbox (badness 10000) in paragraph at lines 29--29
[]\OT1/lmss/bx/n/10.95 (+20) Figure 3.41: |\OT1/lmr/m/n/10.95 (+20) Bat-tery
 []

<content/3_results/figures/batteryCharger1k.jpeg, id=1367, 803.25093pt x 676.77844pt>
File: content/3_results/figures/batteryCharger1k.jpeg Graphic file (type jpg)
<use content/3_results/figures/batteryCharger1k.jpeg>
Package pdftex.def Info: content/3_results/figures/batteryCharger1k.jpeg  used on input line 34.
(pdftex.def)             Requested size: 188.9235pt x 159.1772pt.
LaTeX Font Info:    External font `lmex10' loaded for size
(Font)              <10.95> on input line 35.
<content/3_results/figures/batteryCharger50ohm.jpeg, id=1368, 676.77844pt x 709.14937pt>
File: content/3_results/figures/batteryCharger50ohm.jpeg Graphic file (type jpg)
<use content/3_results/figures/batteryCharger50ohm.jpeg>
Package pdftex.def Info: content/3_results/figures/batteryCharger50ohm.jpeg  used on input line 44.
(pdftex.def)             Requested size: 165.31346pt x 173.2183pt.

Underfull \hbox (badness 10000) in paragraph at lines 45--45
[]\OT1/lmss/bx/n/10.95 (+20) Figure 3.43: |\OT1/lmr/m/n/10.95 (+20) Bat-tery
 []

<content/3_results/figures/batteryCharger15ohm.jpeg, id=1369, 676.77844pt x 760.34062pt>
File: content/3_results/figures/batteryCharger15ohm.jpeg Graphic file (type jpg)
<use content/3_results/figures/batteryCharger15ohm.jpeg>
Package pdftex.def Info: content/3_results/figures/batteryCharger15ohm.jpeg  used on input line 50.
(pdftex.def)             Requested size: 165.31346pt x 185.72238pt.

Underfull \hbox (badness 10000) in paragraph at lines 51--51
[]\OT1/lmss/bx/n/10.95 (+20) Figure 3.44: |\OT1/lmr/m/n/10.95 (+20) Bat-tery
 []


Underfull \hbox (badness 1281) in paragraph at lines 51--51
\OT1/lmr/m/n/10.95 (+20) Charger with $15$$
$ Load
 []

<content/3_results/figures/batteryChargerRegulation.jpeg, id=1370, 1604.99625pt x 902.37125pt>
File: content/3_results/figures/batteryChargerRegulation.jpeg Graphic file (type jpg)
<use content/3_results/figures/batteryChargerRegulation.jpeg>
Package pdftex.def Info: content/3_results/figures/batteryChargerRegulation.jpeg  used on input line 58.
(pdftex.def)             Requested size: 188.9235pt x 106.21451pt.
) [37 <./content/3_results/figures/batteryChargerUnloaded.jpeg> <./content/3_results/figures/batteryCharger1k.jpeg> <./content/3_results/figures/batteryCharger50ohm.jpeg> <./content/3_results/figures/batteryCharger15ohm.jpeg> <./content/3_results/figures/batteryChargerRegulation.jpeg>] (./content/3_results/batteryReaderUnderVoltageProtection.tex
<content/3_results/figures/batteryReader_sim.png, id=1375, 741.52031pt x 337.26pt>
File: content/3_results/figures/batteryReader_sim.png Graphic file (type png)
<use content/3_results/figures/batteryReader_sim.png>
Package pdftex.def Info: content/3_results/figures/batteryReader_sim.png  used on input line 8.
(pdftex.def)             Requested size: 377.85419pt x 171.85622pt.
<content/3_results/figures/underVoltage_sim.png, id=1376, 684.30656pt x 315.42844pt>
File: content/3_results/figures/underVoltage_sim.png Graphic file (type png)
<use content/3_results/figures/underVoltage_sim.png>
Package pdftex.def Info: content/3_results/figures/underVoltage_sim.png  used on input line 15.
(pdftex.def)             Requested size: 377.85419pt x 174.17444pt.
 [38 <./content/3_results/figures/batteryReader_sim.png (PNG copy)> <./content/3_results/figures/underVoltage_sim.png (PNG copy)>]
<content/3_results/figures/batteryReader72.jpeg, id=1381, 1604.99625pt x 902.37125pt>
File: content/3_results/figures/batteryReader72.jpeg Graphic file (type jpg)
<use content/3_results/figures/batteryReader72.jpeg>
Package pdftex.def Info: content/3_results/figures/batteryReader72.jpeg  used on input line 27.
(pdftex.def)             Requested size: 212.54073pt x 119.48788pt.
<content/3_results/figures/batteryReader59.jpeg, id=1382, 1604.99625pt x 902.37125pt>
File: content/3_results/figures/batteryReader59.jpeg Graphic file (type jpg)
<use content/3_results/figures/batteryReader59.jpeg>
Package pdftex.def Info: content/3_results/figures/batteryReader59.jpeg  used on input line 33.
(pdftex.def)             Requested size: 212.54073pt x 119.48788pt.
<content/3_results/figures/batteryReaderUnderVoltage59.jpeg, id=1383, 1604.99625pt x 902.37125pt>
File: content/3_results/figures/batteryReaderUnderVoltage59.jpeg Graphic file (type jpg)
<use content/3_results/figures/batteryReaderUnderVoltage59.jpeg>
Package pdftex.def Info: content/3_results/figures/batteryReaderUnderVoltage59.jpeg  used on input line 41.
(pdftex.def)             Requested size: 283.39244pt x 159.32178pt.
<content/3_results/figures/underVoltageInputOutput.jpeg, id=1384, 1604.99625pt x 902.37125pt>
File: content/3_results/figures/underVoltageInputOutput.jpeg Graphic file (type jpg)
<use content/3_results/figures/underVoltageInputOutput.jpeg>
Package pdftex.def Info: content/3_results/figures/underVoltageInputOutput.jpeg  used on input line 48.
(pdftex.def)             Requested size: 188.9235pt x 106.21451pt.
<content/3_results/figures/underVoltageInputTransistorOutput.jpeg, id=1385, 1604.99625pt x 902.37125pt>
File: content/3_results/figures/underVoltageInputTransistorOutput.jpeg Graphic file (type jpg)
<use content/3_results/figures/underVoltageInputTransistorOutput.jpeg>
Package pdftex.def Info: content/3_results/figures/underVoltageInputTransistorOutput.jpeg  used on input line 55.
(pdftex.def)             Requested size: 188.9235pt x 106.21451pt.
)) [39 <./content/3_results/figures/batteryReader72.jpeg> <./content/3_results/figures/batteryReader59.jpeg> <./content/3_results/figures/batteryReaderUnderVoltage59.jpeg> <./content/3_results/figures/underVoltageInputOutput.jpeg> <./content/3_results/figures/underVoltageInputTransistorOutput.jpeg>]
\openout2 = `content/4_implementation/4_implementation.aux'.

 (./content/4_implementation/4_implementation.tex
Chapter 4.
(./content/4_implementation/combinedCircuit.tex
<content/4_implementation/figures//assignment5.png, id=1392, 776.14969pt x 508.14844pt>
File: content/4_implementation/figures//assignment5.png Graphic file (type png)
<use content/4_implementation/figures//assignment5.png>
Package pdftex.def Info: content/4_implementation/figures//assignment5.png  used on input line 8.
(pdftex.def)             Requested size: 401.47144pt x 262.85078pt.
) [40




 <./content/4_implementation/figures//assignment5.png (PNG copy)>] (./content/4_implementation/currentSensor.tex
<content/4_implementation/figures//currentSensor_impl_circuit.png, id=1397, 480.29437pt x 526.96875pt>
File: content/4_implementation/figures//currentSensor_impl_circuit.png Graphic file (type png)
<use content/4_implementation/figures//currentSensor_impl_circuit.png>
Package pdftex.def Info: content/4_implementation/figures//currentSensor_impl_circuit.png  used on input line 14.
(pdftex.def)             Requested size: 354.23695pt x 388.66422pt.
) [41 <./content/4_implementation/figures//currentSensor_impl_circuit.png (PNG copy)>] (./content/4_implementation/ultrasonicSensor.tex
<content/4_implementation/figures//rangeSensor_impl_circuit.png, id=1402, 404.26031pt x 502.12593pt>
File: content/4_implementation/figures//rangeSensor_impl_circuit.png Graphic file (type png)
<use content/4_implementation/figures//rangeSensor_impl_circuit.png>
Package pdftex.def Info: content/4_implementation/figures//rangeSensor_impl_circuit.png  used on input line 6.
(pdftex.def)             Requested size: 354.23695pt x 440.0027pt.
) [42 <./content/4_implementation/figures//rangeSensor_impl_circuit.png (PNG copy)>] (./content/4_implementation/digitalAnalogConverter.tex
<content/4_implementation/figures//dac_impl_circuit.png, id=1407, 487.8225pt x 571.38469pt>
File: content/4_implementation/figures//dac_impl_circuit.png Graphic file (type png)
<use content/4_implementation/figures//dac_impl_circuit.png>
Package pdftex.def Info: content/4_implementation/figures//dac_impl_circuit.png  used on input line 6.
(pdftex.def)             Requested size: 354.23695pt x 414.91898pt.
)) [43 <./content/4_implementation/figures//dac_impl_circuit.png (PNG copy)>] (build/23905093_e344_report.bbl
Underfull \hbox (badness 10000) in paragraph at lines 33--36
\OT1/lmr/m/n/12 (+14) downloads / aemDocuments / documents / OTH / ProductDocuments / DataSheets / 21882d .
 []


Underfull \hbox (badness 7116) in paragraph at lines 51--54
[]\OT1/lmr/m/n/12 (+20) WikiBooks, ``Op amp con-fig-u-ra-tions.'' [On-line]. Avail-
 []


Underfull \hbox (badness 2221) in paragraph at lines 69--72
[]\OT1/lmr/m/n/12 (+20) AllAboutCircuits, ``Low side vs high side sens-ing.'' [On-
 []


Underfull \hbox (badness 5147) in paragraph at lines 69--72
\OT1/lmr/m/n/12 (+20) line]. Avail-able: [][]$https : / / www . allaboutcircuits . com / technical-[]articles /
 []


Underfull \hbox (badness 1248) in paragraph at lines 75--79
[]\OT1/lmr/m/n/12 (+20) Engineering360, ``How elec-tric cur-rent sen-sor tech-nol-ogy works,''
 []

[44



]
Underfull \hbox (badness 10000) in paragraph at lines 186--191
\OT1/lmr/m/n/12 (+20) datasheet / 99 / 3b / 7d / 91 / 91 / 51 / 4b / be / CD00000544 . pdf / ^^Lles / CD00000544 . pdf / jcr :
 []

[45]
Underfull \hbox (badness 10000) in paragraph at lines 240--244
\OT1/lmr/m/n/12 (+20) datasheet / 26 / db / 14 / 60 / 52 / 47 / 47 / 5b / CD00001625 . pdf / ^^Lles / CD00001625 . pdf / jcr :
 []

) (./endmatter/appendix_a.tex [46]
Appendix A.


pdfTeX warning: pdflatex (file ./endmatter/figures//SocialContract_signed.pdf): PDF inclusion: found PDF version <1.7>, but at most version <1.5> allowed
<endmatter/figures//SocialContract_signed.pdf, id=1491, 597.50829pt x 845.0471pt>
File: endmatter/figures//SocialContract_signed.pdf Graphic file (type pdf)
<use endmatter/figures//SocialContract_signed.pdf>
Package pdftex.def Info: endmatter/figures//SocialContract_signed.pdf  used on input line 7.
(pdftex.def)             Requested size: 377.85419pt x 534.39401pt.
) (./endmatter/appendix_b.tex [47

 <./endmatter/figures//SocialContract_signed.pdf>]
Appendix B.
<endmatter/figures//GitHub.png, id=1533, 998.22937pt x 685.05937pt>
File: endmatter/figures//GitHub.png Graphic file (type png)
<use endmatter/figures//GitHub.png>
Package pdftex.def Info: endmatter/figures//GitHub.png  used on input line 8.
(pdftex.def)             Requested size: 472.31595pt x 324.13129pt.

Overfull \hbox (6.79999pt too wide) in paragraph at lines 8--10
 [][] 
 []

) (./endmatter/appendix_c.tex [48

 <./endmatter/figures//GitHub.png (PNG copy)>]
Appendix C.

Underfull \hbox (badness 10000) in paragraph at lines 8--10

 []

LaTeX Font Info:    External font `lmex10' loaded for size
(Font)              <14.4> on input line 32.
LaTeX Font Info:    External font `lmex10' loaded for size
(Font)              <10> on input line 32.
LaTeX Font Info:    External font `lmex10' loaded for size
(Font)              <7> on input line 32.

Package hyperref Warning: Token not allowed in a PDF string (Unicode):
(hyperref)                removing `\mathsurround' on input line 32.


Package hyperref Warning: Token not allowed in a PDF string (Unicode):
(hyperref)                removing `\z@' on input line 32.


Package hyperref Warning: Token not allowed in a PDF string (Unicode):
(hyperref)                removing `superscript' on input line 32.

[49

]

Package hyperref Warning: Token not allowed in a PDF string (Unicode):
(hyperref)                removing `\mathsurround' on input line 51.


Package hyperref Warning: Token not allowed in a PDF string (Unicode):
(hyperref)                removing `\z@' on input line 51.


Package hyperref Warning: Token not allowed in a PDF string (Unicode):
(hyperref)                removing `superscript' on input line 51.


Package hyperref Warning: Token not allowed in a PDF string (Unicode):
(hyperref)                removing `\mathsurround' on input line 51.


Package hyperref Warning: Token not allowed in a PDF string (Unicode):
(hyperref)                removing `\z@' on input line 51.


Package hyperref Warning: Token not allowed in a PDF string (Unicode):
(hyperref)                removing `superscript' on input line 51.

)

Package caption Warning: Unused \captionsetup[algorithm] on input line 126.
See the caption package documentation for explanation.

[50] (build/23905093_e344_report.aux (build/content/1_literatureReview/1_literatureReview.aux) (build/content/2_design/2_design.aux) (build/content/3_results/3_results.aux) (build/content/4_implementation/4_implementation.aux))
Package rerunfilecheck Info: File `23905093_e344_report.out' has not changed.
(rerunfilecheck)             Checksum: 47CFFE181E57A088E70FC3489829ACAC;15238.
 ) 
Here is how much of TeX's memory you used:
 23964 strings out of 478238
 485091 string characters out of 5850456
 827289 words of memory out of 5000000
 41133 multiletter control sequences out of 15000+600000
 554090 words of font info for 199 fonts, out of 8000000 for 9000
 1141 hyphenation exceptions out of 8191
 74i,14n,79p,1093b,948s stack positions out of 5000i,500n,10000p,200000b,80000s
{/usr/share/texmf-dist/fonts/enc/dvips/lm/lm-mathit.enc}{/usr/share/texmf-dist/fonts/enc/dvips/lm/lm-ts1.enc}{/usr/share/texmf-dist/fonts/enc/dvips/lm/lm-mathex.enc}{/usr/share/texmf-dist/fonts/enc/dvips/lm/lm-rm.enc}{/usr/share/texmf-dist/fonts/enc/dvips/lm/lm-mathsy.enc}</usr/share/texmf-dist/fonts/type1/public/bera/fvsr8a.pfb></usr/share/texmf-dist/fonts/type1/public/lm/lmbx12.pfb></usr/share/texmf-dist/fonts/type1/public/lm/lmex10.pfb></usr/share/texmf-dist/fonts/type1/public/lm/lmmi10.pfb></usr/share/texmf-dist/fonts/type1/public/lm/lmmi12.pfb></usr/share/texmf-dist/fonts/type1/public/lm/lmmi6.pfb></usr/share/texmf-dist/fonts/type1/public/lm/lmmi8.pfb></usr/share/texmf-dist/fonts/type1/public/lm/lmr10.pfb></usr/share/texmf-dist/fonts/type1/public/lm/lmr12.pfb></usr/share/texmf-dist/fonts/type1/public/lm/lmr17.pfb></usr/share/texmf-dist/fonts/type1/public/lm/lmr6.pfb></usr/share/texmf-dist/fonts/type1/public/lm/lmr8.pfb></usr/share/texmf-dist/fonts/type1/public/lm/lmri12.pfb></usr/share/texmf-dist/fonts/type1/public/lm/lmssbo10.pfb></usr/share/texmf-dist/fonts/type1/public/lm/lmssbx10.pfb></usr/share/texmf-dist/fonts/type1/public/lm/lmsy10.pfb></usr/share/texmf-dist/fonts/type1/public/lm/lmsy6.pfb></usr/share/texmf-dist/fonts/type1/public/lm/lmsy8.pfb></usr/share/texmf-dist/fonts/type1/public/amsfonts/symbols/msam10.pfb></usr/share/texmf-dist/fonts/type1/adobe/utopia/putr8a.pfb>
Output written on build/23905093_e344_report.pdf (60 pages, 11555979 bytes).
PDF statistics:
 1712 PDF objects out of 1728 (max. 8388607)
 1467 compressed objects within 15 object streams
 291 named destinations out of 1000 (max. 500000)
 52486 words of extra memory for PDF output out of 61914 (max. 10000000)

