\BOOKMARK [0][-]{Doc-Start}{\376\377\000D\000e\000c\000l\000a\000r\000a\000t\000i\000o\000n}{}% 1
\BOOKMARK [0][-]{chapter*.2}{\376\377\000L\000i\000s\000t\000\040\000o\000f\000\040\000F\000i\000g\000u\000r\000e\000s}{}% 2
\BOOKMARK [0][-]{chapter*.3}{\376\377\000L\000i\000s\000t\000\040\000o\000f\000\040\000T\000a\000b\000l\000e\000s}{}% 3
\BOOKMARK [0][-]{chapter*.4}{\376\377\000N\000o\000m\000e\000n\000c\000l\000a\000t\000u\000r\000e}{}% 4
\BOOKMARK [0][-]{chapter.1}{\376\377\000L\000i\000t\000e\000r\000a\000t\000u\000r\000e\000\040\000r\000e\000v\000i\000e\000w}{}% 5
\BOOKMARK [1][-]{section.1.1}{\376\377\000O\000p\000e\000r\000a\000t\000i\000o\000n\000a\000l\000\040\000a\000m\000p\000l\000i\000f\000i\000e\000r\000s}{chapter.1}% 6
\BOOKMARK [2][-]{subsection.1.1.1}{\376\377\000L\000i\000m\000i\000t\000a\000t\000i\000o\000n\000s}{section.1.1}% 7
\BOOKMARK [2][-]{subsection.1.1.2}{\376\377\000C\000o\000n\000s\000i\000d\000e\000r\000a\000t\000i\000o\000n\000s}{section.1.1}% 8
\BOOKMARK [2][-]{subsection.1.1.3}{\376\377\000M\000C\000P\0006\0002\0004\0002}{section.1.1}% 9
\BOOKMARK [2][-]{subsection.1.1.4}{\376\377\000C\000o\000n\000f\000i\000g\000u\000r\000a\000t\000i\000o\000n\000s}{section.1.1}% 10
\BOOKMARK [1][-]{section.1.2}{\376\377\000C\000u\000r\000r\000e\000n\000t\000\040\000s\000e\000n\000s\000i\000n\000g}{chapter.1}% 11
\BOOKMARK [2][-]{subsection.1.2.1}{\376\377\000S\000e\000n\000s\000i\000n\000g\000\040\000T\000e\000c\000h\000n\000i\000q\000u\000e\000s}{section.1.2}% 12
\BOOKMARK [2][-]{subsection.1.2.2}{\376\377\000H\000i\000g\000h\000-\000s\000i\000d\000e\000\040\000v\000s\000\040\000l\000o\000w\000-\000s\000i\000d\000e\000\040\000s\000e\000n\000s\000i\000n\000g}{section.1.2}% 13
\BOOKMARK [2][-]{subsection.1.2.3}{\376\377\000A\000C\000,\000\040\000D\000C\000,\000\040\000a\000n\000d\000\040\000P\000o\000w\000e\000r\000\040\000R\000e\000q\000u\000i\000r\000e\000m\000e\000n\000t\000s}{section.1.2}% 14
\BOOKMARK [1][-]{section.1.3}{\376\377\000U\000l\000t\000r\000a\000s\000o\000n\000i\000c\000\040\000S\000e\000n\000s\000o\000r\000\040\000I\000n\000t\000e\000r\000f\000a\000c\000e}{chapter.1}% 15
\BOOKMARK [1][-]{section.1.4}{\376\377\000P\000W\000M\000\040\000t\000o\000\040\000A\000n\000a\000l\000o\000g\000\040\000C\000o\000n\000v\000e\000r\000s\000i\000o\000n}{chapter.1}% 16
\BOOKMARK [1][-]{section.1.5}{\376\377\000U\000l\000t\000r\000a\000s\000o\000n\000i\000c\000\040\000S\000e\000n\000s\000o\000r\000\040\000F\000u\000n\000d\000a\000m\000e\000n\000t\000a\000l\000\040\000O\000p\000e\000r\000a\000t\000i\000o\000n}{chapter.1}% 17
\BOOKMARK [2][-]{subsection.1.5.1}{\376\377\000S\000o\000u\000n\000d\000\040\000t\000r\000a\000n\000s\000d\000u\000c\000e\000r\000s}{section.1.5}% 18
\BOOKMARK [2][-]{subsection.1.5.2}{\376\377\000P\000u\000l\000s\000e\000\040\000g\000e\000n\000e\000r\000a\000t\000i\000o\000n}{section.1.5}% 19
\BOOKMARK [2][-]{subsection.1.5.3}{\376\377\000P\000u\000l\000s\000e\000\040\000a\000c\000q\000u\000i\000s\000i\000t\000i\000o\000n}{section.1.5}% 20
\BOOKMARK [1][-]{section.1.6}{\376\377\000D\000A\000C}{chapter.1}% 21
\BOOKMARK [2][-]{subsection.1.6.1}{\376\377\000C\000o\000n\000f\000i\000g\000u\000r\000a\000t\000i\000o\000n\000s}{section.1.6}% 22
\BOOKMARK [2][-]{subsection.1.6.2}{\376\377\000I\000m\000p\000e\000d\000a\000n\000c\000e}{section.1.6}% 23
\BOOKMARK [0][-]{chapter.2}{\376\377\000D\000e\000t\000a\000i\000l\000\040\000d\000e\000s\000i\000g\000n}{}% 24
\BOOKMARK [1][-]{section.2.1}{\376\377\000C\000u\000r\000r\000e\000n\000t\000\040\000s\000e\000n\000s\000o\000r}{chapter.2}% 25
\BOOKMARK [2][-]{subsection.2.1.1}{\376\377\000C\000o\000n\000f\000i\000g\000u\000r\000a\000t\000i\000o\000n}{section.2.1}% 26
\BOOKMARK [2][-]{subsection.2.1.2}{\376\377\000G\000a\000i\000n\000\040\000a\000n\000d\000\040\000C\000u\000t\000o\000f\000f}{section.2.1}% 27
\BOOKMARK [2][-]{subsection.2.1.3}{\376\377\000C\000i\000r\000c\000u\000i\000t\000\040\000d\000i\000a\000g\000r\000a\000m}{section.2.1}% 28
\BOOKMARK [1][-]{section.2.2}{\376\377\000R\000a\000n\000g\000e\000\040\000s\000e\000n\000s\000o\000r}{chapter.2}% 29
\BOOKMARK [2][-]{subsection.2.2.1}{\376\377\000S\000e\000n\000s\000o\000r\000\040\000p\000o\000w\000e\000r\000\040\000\046\000\040\000o\000u\000t\000p\000u\000t}{section.2.2}% 30
\BOOKMARK [2][-]{subsection.2.2.2}{\376\377\000F\000i\000l\000t\000e\000r\000\040\000s\000e\000l\000e\000c\000t\000i\000o\000n}{section.2.2}% 31
\BOOKMARK [2][-]{subsection.2.2.3}{\376\377\000C\000o\000n\000f\000i\000g\000u\000r\000a\000t\000i\000o\000n}{section.2.2}% 32
\BOOKMARK [2][-]{subsection.2.2.4}{\376\377\000G\000a\000i\000n\000\040\000s\000t\000a\000g\000e}{section.2.2}% 33
\BOOKMARK [2][-]{subsection.2.2.5}{\376\377\000F\000i\000l\000t\000e\000r\000\040\000s\000t\000a\000g\000e}{section.2.2}% 34
\BOOKMARK [1][-]{section.2.3}{\376\377\000D\000A\000C}{chapter.2}% 35
\BOOKMARK [2][-]{subsection.2.3.1}{\376\377\000C\000o\000n\000f\000i\000g\000u\000r\000a\000t\000i\000o\000n\000\040\000a\000n\000d\000\040\000I\000m\000p\000e\000d\000a\000n\000c\000e}{section.2.3}% 36
\BOOKMARK [2][-]{subsection.2.3.2}{\376\377\000A\000m\000p\000l\000i\000f\000i\000e\000r}{section.2.3}% 37
\BOOKMARK [0][-]{chapter.3}{\376\377\000R\000e\000s\000u\000l\000t\000s}{}% 38
\BOOKMARK [1][-]{section.3.1}{\376\377\000C\000u\000r\000r\000e\000n\000t\000\040\000s\000e\000n\000s\000o\000r}{chapter.3}% 39
\BOOKMARK [2][-]{subsection.3.1.1}{\376\377\000S\000i\000m\000u\000l\000a\000t\000i\000o\000n}{section.3.1}% 40
\BOOKMARK [2][-]{subsection.3.1.2}{\376\377\000I\000m\000p\000l\000e\000m\000e\000n\000t\000a\000t\000i\000o\000n}{section.3.1}% 41
\BOOKMARK [1][-]{section.3.2}{\376\377\000R\000a\000n\000g\000e\000\040\000s\000e\000n\000s\000o\000r}{chapter.3}% 42
\BOOKMARK [2][-]{subsection.3.2.1}{\376\377\000S\000i\000m\000u\000l\000a\000t\000i\000o\000n}{section.3.2}% 43
\BOOKMARK [2][-]{subsection.3.2.2}{\376\377\000I\000m\000p\000l\000e\000m\000e\000n\000t\000a\000t\000i\000o\000n}{section.3.2}% 44
\BOOKMARK [1][-]{section.3.3}{\376\377\000D\000A\000C}{chapter.3}% 45
\BOOKMARK [2][-]{subsection.3.3.1}{\376\377\000S\000i\000m\000u\000l\000a\000t\000i\000o\000n}{section.3.3}% 46
\BOOKMARK [2][-]{subsection.3.3.2}{\376\377\000I\000m\000p\000l\000e\000m\000e\000n\000t\000a\000t\000i\000o\000n}{section.3.3}% 47
\BOOKMARK [0][-]{chapter.4}{\376\377\000P\000h\000y\000s\000i\000c\000a\000l\000\040\000i\000m\000p\000l\000e\000m\000e\000n\000t\000a\000t\000i\000o\000n}{}% 48
\BOOKMARK [1][-]{section.4.1}{\376\377\000C\000u\000r\000r\000e\000n\000t\000\040\000s\000e\000n\000s\000o\000r}{chapter.4}% 49
\BOOKMARK [1][-]{section.4.2}{\376\377\000R\000a\000n\000g\000e\000\040\000s\000e\000n\000s\000o\000r}{chapter.4}% 50
\BOOKMARK [1][-]{section.4.3}{\376\377\000D\000A\000C}{chapter.4}% 51
\BOOKMARK [0][-]{chapter*.35}{\376\377\000B\000i\000b\000l\000i\000o\000g\000r\000a\000p\000h\000y}{}% 52
\BOOKMARK [0][-]{appendix.A}{\376\377\000S\000o\000c\000i\000a\000l\000\040\000c\000o\000n\000t\000r\000a\000c\000t}{}% 53
\BOOKMARK [0][-]{appendix.B}{\376\377\000G\000i\000t\000H\000u\000b\000\040\000A\000c\000t\000i\000v\000i\000t\000y\000\040\000H\000e\000a\000t\000m\000a\000p}{}% 54
\BOOKMARK [0][-]{appendix.C}{\376\377\000F\000o\000r\000m\000u\000l\000a\000e\000\040\000a\000n\000d\000\040\000D\000e\000r\000i\000v\000a\000t\000i\000o\000n\000s}{}% 55
\BOOKMARK [1][-]{section.C.1}{\376\377\000F\000i\000l\000t\000e\000r\000s}{appendix.C}% 56
\BOOKMARK [2][-]{subsection.C.1.1}{\376\377\000C\000o\000m\000m\000o\000n\000\040\000F\000i\000l\000t\000e\000r\000\040\000F\000o\000r\000m\000u\000l\000a\000e}{section.C.1}% 57
\BOOKMARK [2][-]{subsection.C.1.2}{\376\377\0002\000n\000d\000\040\000O\000r\000d\000e\000r\000\040\000F\000i\000l\000t\000e\000r\000\040\000A\000t\000t\000e\000n\000u\000a\000t\000i\000o\000n}{section.C.1}% 58
\BOOKMARK [2][-]{subsection.C.1.3}{\376\377\0001\000s\000t\000\040\000a\000n\000d\000\040\0002\000n\000d\000\040\000O\000r\000d\000e\000r\000\040\000F\000i\000l\000t\000e\000r\000\040\000C\000u\000t\000o\000f\000f\000\040\000v\000s\000\040\000A\000t\000t\000e\000n\000u\000a\000t\000i\000o\000n}{section.C.1}% 59
